Performing system checks...

System check identified no issues (0 silenced).
December 10, 2024 - 04:14:28
Django version 4.2.16, using settings 'core.settings'
Starting development server at http://127.0.0.1:17200/
Quit the server with CTRL-BREAK.

[10/Dec/2024 04:14:28] "GET /QueryManager/ HTTP/1.1" 200 14637
[10/Dec/2024 04:14:45] "GET /QueryManager?page=10 HTTP/1.1" 301 0
[10/Dec/2024 04:14:46] "GET /QueryManager/?page=10 HTTP/1.1" 200 14377
[10/Dec/2024 04:15:03] "GET /QueryManager/ HTTP/1.1" 200 14637
[10/Dec/2024 04:15:36] "GET /QueryManager?page=2 HTTP/1.1" 301 0
[10/Dec/2024 04:15:36] "GET /QueryManager/?page=2 HTTP/1.1" 200 14891
[10/Dec/2024 04:15:49] "GET /QueryManager?page=3 HTTP/1.1" 301 0
[10/Dec/2024 04:15:49] "GET /QueryManager/?page=3 HTTP/1.1" 200 14434
[10/Dec/2024 04:15:55] "GET /QueryManager?page=4 HTTP/1.1" 301 0
[10/Dec/2024 04:15:55] "GET /QueryManager/?page=4 HTTP/1.1" 200 15076
[10/Dec/2024 04:16:00] "GET /QueryManager/?page=10 HTTP/1.1" 200 14377
[10/Dec/2024 04:16:06] "GET /QueryManager?page=9 HTTP/1.1" 301 0
[10/Dec/2024 04:16:06] "GET /QueryManager/?page=9 HTTP/1.1" 200 14394
[10/Dec/2024 04:16:11] "GET /QueryManager/detail/26 HTTP/1.1" 301 0
[10/Dec/2024 04:16:12] "GET /QueryManager/detail/26/ HTTP/1.1" 200 10189
[10/Dec/2024 04:16:21] "GET /QueryManager?page=8 HTTP/1.1" 301 0
[10/Dec/2024 04:16:21] "GET /QueryManager/?page=8 HTTP/1.1" 200 14362
[10/Dec/2024 04:16:32] "GET /QueryManager/admin HTTP/1.1" 301 0
[10/Dec/2024 04:16:32] "GET /QueryManager/admin/ HTTP/1.1" 302 0
[10/Dec/2024 04:16:33] "GET /QueryManager/admin/login/?next=/QueryManager/admin/ HTTP/1.1" 200 4324
[10/Dec/2024 04:16:33] "GET /QueryManager/static/admin/css/base.css HTTP/1.1" 200 22092
[10/Dec/2024 04:16:33] "GET /QueryManager/static/admin/css/responsive.css HTTP/1.1" 200 17972
[10/Dec/2024 04:16:33] "GET /QueryManager/static/admin/css/nav_sidebar.css HTTP/1.1" 200 2810
[10/Dec/2024 04:16:33] "GET /QueryManager/static/admin/js/theme.js HTTP/1.1" 200 1653
[10/Dec/2024 04:16:33] "GET /QueryManager/static/admin/css/dark_mode.css HTTP/1.1" 200 2804
[10/Dec/2024 04:16:33] "GET /QueryManager/static/admin/js/nav_sidebar.js HTTP/1.1" 200 3063
[10/Dec/2024 04:16:33] "GET /QueryManager/static/admin/css/login.css HTTP/1.1" 200 951
[10/Dec/2024 04:16:45] "POST /QueryManager/admin/login/?next=/QueryManager/admin/ HTTP/1.1" 302 0
[10/Dec/2024 04:16:45] "GET /QueryManager/admin/ HTTP/1.1" 200 8602
[10/Dec/2024 04:16:45] "GET /QueryManager/static/admin/css/dashboard.css HTTP/1.1" 200 441
[10/Dec/2024 04:16:46] "GET /QueryManager/static/admin/img/icon-addlink.svg HTTP/1.1" 200 331
[10/Dec/2024 04:16:46] "GET /QueryManager/static/admin/img/icon-changelink.svg HTTP/1.1" 200 380
[10/Dec/2024 04:16:46] "GET /QueryManager/static/admin/img/icon-deletelink.svg HTTP/1.1" 200 392
[10/Dec/2024 04:16:49] "GET /QueryManager/admin/main/customuser/ HTTP/1.1" 200 11189
[10/Dec/2024 04:16:49] "GET /QueryManager/static/admin/css/changelists.css HTTP/1.1" 200 6878
[10/Dec/2024 04:16:49] "GET /QueryManager/static/admin/js/urlify.js HTTP/1.1" 200 7887
[10/Dec/2024 04:16:49] "GET /QueryManager/static/admin/js/jquery.init.js HTTP/1.1" 200 347
[10/Dec/2024 04:16:49] "GET /QueryManager/static/admin/js/core.js HTTP/1.1" 200 6208
[10/Dec/2024 04:16:49] "GET /QueryManager/static/admin/js/actions.js HTTP/1.1" 200 8076
[10/Dec/2024 04:16:49] "GET /QueryManager/static/admin/js/admin/RelatedObjectLookups.js HTTP/1.1" 200 9097
[10/Dec/2024 04:16:49] "GET /QueryManager/static/admin/js/prepopulate.js HTTP/1.1" 200 1531
[10/Dec/2024 04:16:49] "GET /QueryManager/static/admin/js/vendor/jquery/jquery.min.js HTTP/1.1" 200 87533
[10/Dec/2024 04:16:49] "GET /QueryManager/static/admin/js/vendor/xregexp/xregexp.min.js HTTP/1.1" 200 163184
[10/Dec/2024 04:16:49] "GET /QueryManager/admin/jsi18n/ HTTP/1.1" 200 3343
[10/Dec/2024 04:16:50] "GET /QueryManager/static/admin/js/filters.js HTTP/1.1" 200 978
[10/Dec/2024 04:16:50] "GET /QueryManager/static/admin/img/tooltag-add.svg HTTP/1.1" 200 331
[10/Dec/2024 04:17:00] "GET /QueryManager/admin/main/customuser/18/change/ HTTP/1.1" 200 23805
[10/Dec/2024 04:17:01] "GET /QueryManager/static/admin/css/forms.css HTTP/1.1" 200 8794
[10/Dec/2024 04:17:01] "GET /QueryManager/admin/jsi18n/ HTTP/1.1" 200 3343
[10/Dec/2024 04:17:01] "GET /QueryManager/static/admin/js/prepopulate_init.js HTTP/1.1" 200 586
[10/Dec/2024 04:17:01] "GET /QueryManager/static/admin/js/admin/DateTimeShortcuts.js HTTP/1.1" 200 19319
[10/Dec/2024 04:17:01] "GET /QueryManager/static/admin/js/calendar.js HTTP/1.1" 200 9141
[10/Dec/2024 04:17:01] "GET /QueryManager/static/admin/css/widgets.css HTTP/1.1" 200 11564
[10/Dec/2024 04:17:01] "GET /QueryManager/static/admin/js/change_form.js HTTP/1.1" 200 606
[10/Dec/2024 04:17:01] "GET /QueryManager/static/admin/img/icon-calendar.svg HTTP/1.1" 200 1086
[10/Dec/2024 04:17:01] "GET /QueryManager/static/admin/img/icon-clock.svg HTTP/1.1" 200 677
[10/Dec/2024 04:17:16] "GET /QueryManager/admin/main/customuser/ HTTP/1.1" 200 11189
[10/Dec/2024 04:17:16] "GET /QueryManager/admin/jsi18n/ HTTP/1.1" 200 3343
[10/Dec/2024 04:17:23] "GET /QueryManager/admin/main/customuser/14/change/ HTTP/1.1" 200 23861
[10/Dec/2024 04:17:23] "GET /QueryManager/admin/jsi18n/ HTTP/1.1" 200 3343
[10/Dec/2024 04:17:32] "GET /QueryManager/admin/main/customuser/ HTTP/1.1" 200 11189
[10/Dec/2024 04:17:33] "GET /QueryManager/admin/jsi18n/ HTTP/1.1" 200 3343
[10/Dec/2024 04:17:34] "GET /QueryManager/admin/main/customuser/17/change/ HTTP/1.1" 200 23809
[10/Dec/2024 04:17:35] "GET /QueryManager/admin/jsi18n/ HTTP/1.1" 200 3343
[10/Dec/2024 04:17:45] "GET /QueryManager/admin/main/customuser/ HTTP/1.1" 200 11189
[10/Dec/2024 04:17:45] "GET /QueryManager/admin/jsi18n/ HTTP/1.1" 200 3343
[10/Dec/2024 04:17:48] "GET /QueryManager/admin/main/customuser/18/change/ HTTP/1.1" 200 23805
[10/Dec/2024 04:17:48] "GET /QueryManager/admin/jsi18n/ HTTP/1.1" 200 3343
[10/Dec/2024 04:17:59] "GET /QueryManager/admin/main/customuser/ HTTP/1.1" 200 11189
[10/Dec/2024 04:17:59] "GET /QueryManager/admin/jsi18n/ HTTP/1.1" 200 3343
[10/Dec/2024 04:18:03] "GET /QueryManager/admin/main/customuser/16/change/ HTTP/1.1" 200 23805
[10/Dec/2024 04:18:03] "GET /QueryManager/admin/jsi18n/ HTTP/1.1" 200 3343
[10/Dec/2024 04:18:10] "POST /QueryManager/admin/logout/ HTTP/1.1" 302 0
[10/Dec/2024 04:18:10] "GET /QueryManager/admin/logout/QueryManager/login HTTP/1.1" 302 0
[10/Dec/2024 04:18:10] "GET /QueryManager/admin/login/?next=/QueryManager/admin/logout/QueryManager/login HTTP/1.1" 200 4374
[10/Dec/2024 04:18:42] "GET /QueryManager/ HTTP/1.1" 200 14637
[10/Dec/2024 04:37:11] "GET /QueryManager/ HTTP/1.1" 200 14637
[10/Dec/2024 04:37:25] "GET /QueryManager/?page=10 HTTP/1.1" 200 14377
[10/Dec/2024 04:37:36] "GET /QueryManager/detail/21 HTTP/1.1" 301 0
[10/Dec/2024 04:37:37] "GET /QueryManager/detail/21/ HTTP/1.1" 200 9511
[10/Dec/2024 04:37:51] "GET /QueryManager/ HTTP/1.1" 200 14637
[10/Dec/2024 04:37:55] "GET /QueryManager/detail/63 HTTP/1.1" 301 0
[10/Dec/2024 04:37:55] "GET /QueryManager/detail/63/ HTTP/1.1" 200 9682
[10/Dec/2024 04:38:06] "GET /QueryManager/media/attachments/Picture24.png HTTP/1.1" 200 105653
[10/Dec/2024 04:38:17] "GET /QueryManager/ HTTP/1.1" 200 14637
[10/Dec/2024 04:38:22] "GET /QueryManager/detail/62 HTTP/1.1" 301 0
[10/Dec/2024 04:38:22] "GET /QueryManager/detail/62/ HTTP/1.1" 200 9571
[10/Dec/2024 04:38:36] "GET /QueryManager/accounts/login/ HTTP/1.1" 200 4925
[10/Dec/2024 04:38:43] "POST /QueryManager/accounts/login/ HTTP/1.1" 302 0
[10/Dec/2024 04:38:43] "GET /QueryManager/ HTTP/1.1" 200 15362
[10/Dec/2024 04:38:46] "GET /QueryManager/detail/66 HTTP/1.1" 301 0
[10/Dec/2024 04:38:46] "GET /QueryManager/detail/66/ HTTP/1.1" 200 11606
[10/Dec/2024 04:38:54] "GET /QueryManager/media/attachments/IncrementExhibit.docx HTTP/1.1" 200 151173
[10/Dec/2024 04:39:29] "GET /QueryManager/ HTTP/1.1" 200 15362
[10/Dec/2024 04:39:35] "GET /QueryManager/?page=8 HTTP/1.1" 200 15087
[10/Dec/2024 04:39:42] "GET /QueryManager/accounts/logout/ HTTP/1.1" 302 0
[10/Dec/2024 04:39:42] "GET /QueryManager/ HTTP/1.1" 200 14637
