Watching for file changes with StatReloader
[13/Nov/2024 22:22:42] "GET /QueryManager/ HTTP/1.1" 200 13286
[13/Nov/2024 22:22:45] "GET /QueryManager/detail/10/ HTTP/1.1" 200 10196
[13/Nov/2024 22:22:53] "GET /QueryManager/accounts/login/ HTTP/1.1" 200 4914
[13/Nov/2024 22:23:00] "POST /QueryManager/accounts/login/ HTTP/1.1" 200 5322
[13/Nov/2024 22:23:11] "POST /QueryManager/accounts/login/ HTTP/1.1" 302 0
[13/Nov/2024 22:23:11] "GET /QueryManager/ HTTP/1.1" 200 14015
[13/Nov/2024 22:23:13] "GET /QueryManager/ask-question HTTP/1.1" 200 6772
[13/Nov/2024 22:23:19] "POST /QueryManager/ask-question HTTP/1.1" 302 0
[13/Nov/2024 22:23:19] "GET /QueryManager/ask-question HTTP/1.1" 200 6888
[13/Nov/2024 22:29:39] "GET /QueryManager/accounts/logout/ HTTP/1.1" 302 0
[13/Nov/2024 22:29:39] "GET /QueryManager/ HTTP/1.1" 200 13174
[13/Nov/2024 22:29:42] "GET /QueryManager/accounts/register/ HTTP/1.1" 200 5407
[13/Nov/2024 22:29:44] "GET /QueryManager/accounts/login/ HTTP/1.1" 200 4914
[13/Nov/2024 22:29:46] "GET /QueryManager/accounts/password_reset/ HTTP/1.1" 200 4080
[13/Nov/2024 22:29:46] "GET /QueryManager/staticfiles/admin/css/base.css HTTP/1.1" 200 21310
[13/Nov/2024 22:29:46] "GET /QueryManager/staticfiles/admin/css/responsive.css HTTP/1.1" 200 18559
[13/Nov/2024 22:29:46] "GET /QueryManager/staticfiles/admin/css/dark_mode.css HTTP/1.1" 200 2929
[13/Nov/2024 22:29:46] "GET /QueryManager/staticfiles/admin/css/forms.css HTTP/1.1" 200 9090
[13/Nov/2024 22:29:46] "GET /QueryManager/staticfiles/admin/js/theme.js HTTP/1.1" 200 1943
[13/Nov/2024 22:29:47] "GET /QueryManager/staticfiles/admin/css/widgets.css HTTP/1.1" 200 11921
[13/Nov/2024 22:30:08] "GET /QueryManager/accounts/login/ HTTP/1.1" 200 4914
[13/Nov/2024 22:35:03] "GET /QueryManager/accounts/password_reset/ HTTP/1.1" 200 4080
[13/Nov/2024 22:35:30] "POST /QueryManager/accounts/password_reset/ HTTP/1.1" 302 0
[13/Nov/2024 22:35:30] "GET /QueryManager/accounts/password_reset/done/ HTTP/1.1" 200 3718
[13/Nov/2024 22:35:50] "GET /QueryManager/accounts/login/ HTTP/1.1" 200 4914
[13/Nov/2024 22:35:52] "GET /QueryManager/accounts/register/ HTTP/1.1" 200 5407
[13/Nov/2024 22:36:26] "GET /QueryManager/accounts/login/ HTTP/1.1" 200 4914
[13/Nov/2024 22:36:28] "GET /QueryManager/ HTTP/1.1" 200 13174
[13/Nov/2024 22:36:31] "GET /QueryManager/ HTTP/1.1" 200 13174
