Performing system checks...

System check identified no issues (0 silenced).
December 09, 2024 - 23:01:58
Django version 4.2.16, using settings 'core.settings'
Starting development server at http://127.0.0.1:21503/
Quit the server with CTRL-BREAK.

[09/Dec/2024 23:01:59] "POST /QueryManager/ask-question HTTP/1.1" 302 0
[09/Dec/2024 23:02:00] "GET /QueryManager/ask-question HTTP/1.1" 200 6849
[09/Dec/2024 23:02:09] "GET /QueryManager/ask-question HTTP/1.1" 200 6734
[09/Dec/2024 23:18:21] "POST /QueryManager/ask-question HTTP/1.1" 302 0
[09/Dec/2024 23:18:21] "GET /QueryManager/ask-question HTTP/1.1" 200 6850
[09/Dec/2024 23:18:25] "GET /QueryManager/accounts/profile HTTP/1.1" 301 0
[09/Dec/2024 23:18:26] "GET /QueryManager/accounts/profile/ HTTP/1.1" 200 14670
[09/Dec/2024 23:18:31] "GET /QueryManager/ HTTP/1.1" 200 13852
[09/Dec/2024 23:18:39] "GET /QueryManager?page=2 HTTP/1.1" 301 0
[09/Dec/2024 23:18:39] "GET /QueryManager/?page=2 HTTP/1.1" 200 12176
[09/Dec/2024 23:18:42] "GET /QueryManager?page=1 HTTP/1.1" 301 0
[09/Dec/2024 23:18:42] "GET /QueryManager/?page=1 HTTP/1.1" 200 13852
[09/Dec/2024 23:18:53] "GET /QueryManager/ask-question HTTP/1.1" 200 6734
[09/Dec/2024 23:19:57] "POST /QueryManager/ask-question HTTP/1.1" 302 0
[09/Dec/2024 23:19:58] "GET /QueryManager/ask-question HTTP/1.1" 200 6850
[09/Dec/2024 23:20:00] "GET /QueryManager/ask-question HTTP/1.1" 200 6734
[09/Dec/2024 23:20:46] "POST /QueryManager/ask-question HTTP/1.1" 302 0
[09/Dec/2024 23:20:46] "GET /QueryManager/ask-question HTTP/1.1" 200 6850
[09/Dec/2024 23:21:37] "POST /QueryManager/ask-question HTTP/1.1" 302 0
[09/Dec/2024 23:21:37] "GET /QueryManager/ask-question HTTP/1.1" 200 6850
[09/Dec/2024 23:21:39] "GET /QueryManager/ HTTP/1.1" 200 14237
[09/Dec/2024 23:21:44] "GET /QueryManager/detail/24 HTTP/1.1" 301 0
[09/Dec/2024 23:21:45] "GET /QueryManager/detail/24/ HTTP/1.1" 200 10680
[09/Dec/2024 23:21:57] "GET /QueryManager/accounts/profile/ HTTP/1.1" 200 15147
[09/Dec/2024 23:21:59] "GET /QueryManager/ HTTP/1.1" 200 14237
[09/Dec/2024 23:22:01] "GET /QueryManager/accounts/profile/ HTTP/1.1" 200 15147
[09/Dec/2024 23:22:23] "GET /QueryManager/ HTTP/1.1" 200 14237
[09/Dec/2024 23:22:32] "GET /QueryManager/detail/25 HTTP/1.1" 301 0
[09/Dec/2024 23:22:32] "GET /QueryManager/detail/25/ HTTP/1.1" 200 12244
[09/Dec/2024 23:22:39] "GET /QueryManager/ask-question HTTP/1.1" 200 6734
[09/Dec/2024 23:23:03] "POST /QueryManager/ask-question HTTP/1.1" 200 6915
[09/Dec/2024 23:23:27] "POST /QueryManager/ask-question HTTP/1.1" 302 0
[09/Dec/2024 23:23:28] "GET /QueryManager/ask-question HTTP/1.1" 200 6850
[09/Dec/2024 23:23:29] "GET /QueryManager/ask-question HTTP/1.1" 200 6734
[09/Dec/2024 23:23:35] "POST /QueryManager/ask-question HTTP/1.1" 200 6945
[09/Dec/2024 23:23:45] "GET /QueryManager/ask-question HTTP/1.1" 200 6733
[09/Dec/2024 23:24:42] "POST /QueryManager/ask-question HTTP/1.1" 302 0
[09/Dec/2024 23:24:43] "GET /QueryManager/ask-question HTTP/1.1" 200 6850
[09/Dec/2024 23:24:44] "GET /QueryManager/ask-question HTTP/1.1" 200 6734
[09/Dec/2024 23:25:37] "POST /QueryManager/ask-question HTTP/1.1" 302 0
[09/Dec/2024 23:25:39] "GET /QueryManager/ask-question HTTP/1.1" 200 6849
[09/Dec/2024 23:25:53] "POST /QueryManager/ask-question HTTP/1.1" 302 0
[09/Dec/2024 23:25:53] "GET /QueryManager/ask-question HTTP/1.1" 200 6850
[09/Dec/2024 23:26:39] "POST /QueryManager/ask-question HTTP/1.1" 302 0
[09/Dec/2024 23:26:39] "GET /QueryManager/ask-question HTTP/1.1" 200 6850
[09/Dec/2024 23:26:40] "GET /QueryManager/ask-question HTTP/1.1" 200 6734
[09/Dec/2024 23:27:26] "POST /QueryManager/ask-question HTTP/1.1" 302 0
[09/Dec/2024 23:27:27] "GET /QueryManager/ask-question HTTP/1.1" 200 6849
[09/Dec/2024 23:27:30] "GET /QueryManager/accounts/profile HTTP/1.1" 301 0
[09/Dec/2024 23:27:31] "GET /QueryManager/accounts/profile/ HTTP/1.1" 200 15908
[09/Dec/2024 23:28:17] "GET /QueryManager/ HTTP/1.1" 200 14404
[09/Dec/2024 23:28:35] "POST /QueryManager/ask-question HTTP/1.1" 302 0
[09/Dec/2024 23:28:36] "GET /QueryManager/ask-question HTTP/1.1" 200 6850
[09/Dec/2024 23:28:37] "GET /QueryManager/ask-question HTTP/1.1" 200 6734
[09/Dec/2024 23:29:56] "POST /QueryManager/ask-question HTTP/1.1" 302 0
[09/Dec/2024 23:29:56] "GET /QueryManager/ask-question HTTP/1.1" 200 6850
[09/Dec/2024 23:30:43] "GET /QueryManager/ask-question HTTP/1.1" 200 6733
[09/Dec/2024 23:31:34] "POST /QueryManager/ask-question HTTP/1.1" 302 0
[09/Dec/2024 23:31:35] "GET /QueryManager/ask-question HTTP/1.1" 200 6849
[09/Dec/2024 23:33:26] "POST /QueryManager/ask-question HTTP/1.1" 302 0
[09/Dec/2024 23:33:27] "GET /QueryManager/ask-question HTTP/1.1" 200 6849
[09/Dec/2024 23:33:30] "GET /QueryManager/accounts/profile/ HTTP/1.1" 200 16157
[09/Dec/2024 23:33:46] "GET /QueryManager/accounts/profile/ HTTP/1.1" 200 16157
[09/Dec/2024 23:34:06] "GET /QueryManager/ HTTP/1.1" 200 14378
[09/Dec/2024 23:34:38] "GET /QueryManager?page=2 HTTP/1.1" 301 0
[09/Dec/2024 23:34:39] "GET /QueryManager/?page=2 HTTP/1.1" 200 14585
[09/Dec/2024 23:36:06] "GET /QueryManager/ask-question HTTP/1.1" 200 6733
[09/Dec/2024 23:36:06] "GET /QueryManager/static/jquery-3.5.1.min.js HTTP/1.1" 200 89476
[09/Dec/2024 23:36:06] "GET /QueryManager/static/bootstrap.min.js HTTP/1.1" 200 51039
[09/Dec/2024 23:40:15] "POST /QueryManager/ask-question HTTP/1.1" 302 0
[09/Dec/2024 23:40:15] "GET /QueryManager/ask-question HTTP/1.1" 200 6850
[09/Dec/2024 23:42:22] "POST /QueryManager/ask-question HTTP/1.1" 302 0
[09/Dec/2024 23:42:23] "GET /QueryManager/ask-question HTTP/1.1" 200 6849
[09/Dec/2024 23:45:18] "POST /QueryManager/ask-question HTTP/1.1" 302 0
[09/Dec/2024 23:45:19] "GET /QueryManager/ask-question HTTP/1.1" 200 6850
[09/Dec/2024 23:50:20] "POST /QueryManager/ask-question HTTP/1.1" 302 0
[09/Dec/2024 23:50:21] "GET /QueryManager/ask-question HTTP/1.1" 200 6850
[09/Dec/2024 23:50:49] "POST /QueryManager/ask-question HTTP/1.1" 302 0
[09/Dec/2024 23:50:50] "GET /QueryManager/ask-question HTTP/1.1" 200 6849
[09/Dec/2024 23:56:26] "POST /QueryManager/ask-question HTTP/1.1" 302 0
[09/Dec/2024 23:56:26] "GET /QueryManager/ask-question HTTP/1.1" 200 6850
[10/Dec/2024 00:02:35] "POST /QueryManager/ask-question HTTP/1.1" 302 0
[10/Dec/2024 00:02:36] "GET /QueryManager/ask-question HTTP/1.1" 200 6850
[10/Dec/2024 00:02:47] "GET /QueryManager/ HTTP/1.1" 200 14930
[10/Dec/2024 00:02:49] "GET /QueryManager/detail/45 HTTP/1.1" 301 0
[10/Dec/2024 00:02:49] "GET /QueryManager/detail/45/ HTTP/1.1" 200 11798
[10/Dec/2024 00:02:59] "GET /QueryManager/ask-question HTTP/1.1" 200 6734
[10/Dec/2024 00:04:25] "POST /QueryManager/ask-question HTTP/1.1" 302 0
[10/Dec/2024 00:04:26] "GET /QueryManager/ask-question HTTP/1.1" 200 6849
[10/Dec/2024 00:04:51] "GET /QueryManager/tags/ HTTP/1.1" 200 52358
[10/Dec/2024 00:04:56] "GET /QueryManager/accounts/profile/ HTTP/1.1" 200 16538
[10/Dec/2024 00:05:07] "POST /QueryManager/ask-question HTTP/1.1" 302 0
[10/Dec/2024 00:05:07] "GET /QueryManager/ask-question HTTP/1.1" 200 6850
[10/Dec/2024 00:05:08] "GET /QueryManager/ask-question HTTP/1.1" 200 6734
[10/Dec/2024 00:11:44] "POST /QueryManager/ask-question HTTP/1.1" 302 0
[10/Dec/2024 00:11:44] "GET /QueryManager/ask-question HTTP/1.1" 200 6850
[10/Dec/2024 00:12:59] "GET /QueryManager/ask-question HTTP/1.1" 200 6733
[10/Dec/2024 00:14:36] "POST /QueryManager/ask-question HTTP/1.1" 302 0
[10/Dec/2024 00:14:37] "GET /QueryManager/ask-question HTTP/1.1" 200 6849
[10/Dec/2024 00:17:29] "POST /QueryManager/ask-question HTTP/1.1" 302 0
[10/Dec/2024 00:17:30] "GET /QueryManager/ask-question HTTP/1.1" 200 6850
[10/Dec/2024 00:27:41] "POST /QueryManager/ask-question HTTP/1.1" 302 0
[10/Dec/2024 00:27:42] "GET /QueryManager/ask-question HTTP/1.1" 200 6849
[10/Dec/2024 00:27:58] "POST /QueryManager/ask-question HTTP/1.1" 302 0
[10/Dec/2024 00:27:59] "GET /QueryManager/ask-question HTTP/1.1" 200 6850
[10/Dec/2024 00:36:21] "POST /QueryManager/ask-question HTTP/1.1" 200 6918
[10/Dec/2024 00:36:28] "POST /QueryManager/ask-question HTTP/1.1" 200 6918
[10/Dec/2024 00:36:41] "POST /QueryManager/ask-question HTTP/1.1" 302 0
[10/Dec/2024 00:36:42] "GET /QueryManager/ask-question HTTP/1.1" 200 6850
[10/Dec/2024 00:40:48] "POST /QueryManager/ask-question HTTP/1.1" 302 0
[10/Dec/2024 00:40:48] "GET /QueryManager/ask-question HTTP/1.1" 200 6850
[10/Dec/2024 00:41:33] "POST /QueryManager/ask-question HTTP/1.1" 302 0
[10/Dec/2024 00:41:33] "GET /QueryManager/ask-question HTTP/1.1" 200 6849
[10/Dec/2024 00:45:11] "POST /QueryManager/ask-question HTTP/1.1" 302 0
[10/Dec/2024 00:45:12] "GET /QueryManager/ask-question HTTP/1.1" 200 6849
[10/Dec/2024 00:46:34] "POST /QueryManager/ask-question HTTP/1.1" 302 0
[10/Dec/2024 00:46:34] "GET /QueryManager/ask-question HTTP/1.1" 200 6850
[10/Dec/2024 00:47:30] "POST /QueryManager/ask-question HTTP/1.1" 302 0
[10/Dec/2024 00:47:31] "GET /QueryManager/ask-question HTTP/1.1" 200 6849
[10/Dec/2024 00:49:24] "POST /QueryManager/ask-question HTTP/1.1" 302 0
[10/Dec/2024 00:49:24] "GET /QueryManager/ask-question HTTP/1.1" 200 6850
[10/Dec/2024 00:54:03] "POST /QueryManager/ask-question HTTP/1.1" 302 0
[10/Dec/2024 00:54:04] "GET /QueryManager/ask-question HTTP/1.1" 200 6850
[10/Dec/2024 00:54:37] "POST /QueryManager/ask-question HTTP/1.1" 302 0
[10/Dec/2024 00:54:38] "GET /QueryManager/ask-question HTTP/1.1" 200 6850
[10/Dec/2024 00:55:16] "POST /QueryManager/ask-question HTTP/1.1" 302 0
[10/Dec/2024 00:55:16] "GET /QueryManager/ask-question HTTP/1.1" 200 6850
[10/Dec/2024 00:56:18] "POST /QueryManager/ask-question HTTP/1.1" 302 0
[10/Dec/2024 00:56:18] "GET /QueryManager/ask-question HTTP/1.1" 200 6850
[10/Dec/2024 00:58:09] "POST /QueryManager/ask-question HTTP/1.1" 302 0
[10/Dec/2024 00:58:10] "GET /QueryManager/ask-question HTTP/1.1" 200 6850
[10/Dec/2024 00:58:28] "POST /QueryManager/ask-question HTTP/1.1" 302 0
[10/Dec/2024 00:58:29] "GET /QueryManager/ask-question HTTP/1.1" 200 6850
[10/Dec/2024 00:58:51] "POST /QueryManager/ask-question HTTP/1.1" 302 0
[10/Dec/2024 00:58:52] "GET /QueryManager/ask-question HTTP/1.1" 200 6849
[10/Dec/2024 01:03:16] "GET /QueryManager/accounts/profile/ HTTP/1.1" 200 17700
[10/Dec/2024 01:03:28] "GET /QueryManager/tags/ HTTP/1.1" 200 77075
[10/Dec/2024 01:03:38] "GET /QueryManager/accounts/profile/ HTTP/1.1" 200 17700
[10/Dec/2024 01:03:50] "GET /QueryManager/ HTTP/1.1" 200 15362
[10/Dec/2024 01:03:55] "GET /QueryManager?page=10 HTTP/1.1" 301 0
[10/Dec/2024 01:03:56] "GET /QueryManager/?page=10 HTTP/1.1" 200 15102
[10/Dec/2024 01:04:10] "GET /QueryManager?page=8 HTTP/1.1" 301 0
[10/Dec/2024 01:04:11] "GET /QueryManager/?page=8 HTTP/1.1" 200 15087
[10/Dec/2024 01:04:19] "GET /QueryManager?page=5 HTTP/1.1" 301 0
[10/Dec/2024 01:04:20] "GET /QueryManager/?page=5 HTTP/1.1" 200 15422
[10/Dec/2024 01:04:23] "GET /QueryManager?page=3 HTTP/1.1" 301 0
[10/Dec/2024 01:04:24] "GET /QueryManager/?page=3 HTTP/1.1" 200 15159
[10/Dec/2024 01:04:26] "GET /QueryManager/accounts/profile/ HTTP/1.1" 200 17700
[10/Dec/2024 01:11:36] "GET /QueryManager/accounts/profile/ HTTP/1.1" 200 17700
[10/Dec/2024 01:12:23] "GET /QueryManager/ HTTP/1.1" 200 15362
[10/Dec/2024 01:12:33] "GET /QueryManager?page=7 HTTP/1.1" 301 0
[10/Dec/2024 01:12:33] "GET /QueryManager/?page=7 HTTP/1.1" 200 15327
[10/Dec/2024 01:12:37] "GET /QueryManager/?page=8 HTTP/1.1" 200 15087
[10/Dec/2024 01:12:41] "GET /QueryManager/?page=10 HTTP/1.1" 200 15102
[10/Dec/2024 01:12:59] "GET /QueryManager/?page=7 HTTP/1.1" 200 15327
[10/Dec/2024 01:13:04] "GET /QueryManager?page=6 HTTP/1.1" 301 0
[10/Dec/2024 01:13:07] "GET /QueryManager/?page=6 HTTP/1.1" 200 15155
[10/Dec/2024 01:13:51] "GET /QueryManager/?page=7 HTTP/1.1" 200 15327
[10/Dec/2024 01:13:54] "GET /QueryManager?page=9 HTTP/1.1" 301 0
[10/Dec/2024 01:13:55] "GET /QueryManager/?page=9 HTTP/1.1" 200 15119
[10/Dec/2024 01:17:20] "GET /QueryManager/accounts/profile/ HTTP/1.1" 200 17700
