Watching for file changes with StatReloader
[14/Nov/2024 20:08:47] "GET /QueryManager/ HTTP/1.1" 200 13065
[14/Nov/2024 20:08:48] "GET /QueryManager/media/profile_pics/ironman.jfif HTTP/1.1" 304 0
[14/Nov/2024 20:10:37] "GET /QueryManager/accounts/login/ HTTP/1.1" 200 4913
[14/Nov/2024 20:11:18] "POST /QueryManager/accounts/login/ HTTP/1.1" 200 5321
[14/Nov/2024 20:11:39] "POST /QueryManager/accounts/login/ HTTP/1.1" 200 5321
[14/Nov/2024 20:11:51] "POST /QueryManager/accounts/login/ HTTP/1.1" 302 0
[14/Nov/2024 20:11:51] "GET /QueryManager/ HTTP/1.1" 200 13794
[14/Nov/2024 20:11:56] "GET /QueryManager/detail/12 HTTP/1.1" 301 0
[14/Nov/2024 20:11:57] "GET /QueryManager/detail/12/ HTTP/1.1" 200 10465
[14/Nov/2024 20:12:04] "POST /QueryManager/detail/12/ HTTP/1.1" 200 12624
[14/Nov/2024 20:12:21] "GET /QueryManager/ HTTP/1.1" 200 13794
[14/Nov/2024 20:13:58] "GET /QueryManager HTTP/1.1" 301 0
[14/Nov/2024 20:13:58] "GET /QueryManager/ HTTP/1.1" 200 13065
[14/Nov/2024 20:13:58] "GET /QueryManager/media/profile_pics/ironman.jfif HTTP/1.1" 200 9789
[14/Nov/2024 20:13:58] "GET /QueryManager/staticfiles/custom.css HTTP/1.1" 200 1925
[14/Nov/2024 20:13:58] "GET /QueryManager/staticfiles/profile_pics/default2.jpg HTTP/1.1" 200 10687
[14/Nov/2024 20:13:58] "GET /QueryManager/staticfiles/query_manager.png HTTP/1.1" 200 64648
[14/Nov/2024 20:13:58] "GET /QueryManager/staticfiles/bootstrap.min.css HTTP/1.1" 200 160302
C:\inetpub\wwwroot\QueryManager\core\settings.py changed, reloading.
Performing system checks...

System check identified no issues (0 silenced).
November 14, 2024 - 20:08:47
Django version 4.2.16, using settings 'core.settings'
Starting development server at http://127.0.0.1:11807/
Quit the server with CTRL-BREAK.

[14/Nov/2024 20:30:10] "GET /QueryManager/ HTTP/1.1" 200 13065
[14/Nov/2024 20:30:14] "GET /QueryManager/accounts/login HTTP/1.1" 301 0
[14/Nov/2024 20:30:14] "GET /QueryManager/accounts/login/ HTTP/1.1" 200 4914
[14/Nov/2024 20:30:14] "GET /QueryManager/staticfiles/animate.min.css HTTP/1.1" 404 179
[14/Nov/2024 20:30:14] "GET /QueryManager/staticfiles/fa4/css/font-awesome.min.css HTTP/1.1" 404 179
[14/Nov/2024 20:30:14] "GET /QueryManager/staticfiles/jquery-3.5.1.min.js HTTP/1.1" 404 179
[14/Nov/2024 20:30:14] "GET /QueryManager/staticfiles/bootstrap.min.js HTTP/1.1" 404 179
[14/Nov/2024 20:30:24] "POST /QueryManager/accounts/login/ HTTP/1.1" 200 5322
[14/Nov/2024 20:30:24] "GET /QueryManager/staticfiles/bootstrap.min.js HTTP/1.1" 404 179
[14/Nov/2024 20:30:24] "GET /QueryManager/staticfiles/jquery-3.5.1.min.js HTTP/1.1" 404 179
[14/Nov/2024 20:30:24] "GET /QueryManager/staticfiles/fa4/css/font-awesome.min.css HTTP/1.1" 404 179
[14/Nov/2024 20:30:24] "GET /QueryManager/staticfiles/animate.min.css HTTP/1.1" 404 179
[14/Nov/2024 20:30:36] "POST /QueryManager/accounts/login/ HTTP/1.1" 200 5322
[14/Nov/2024 20:30:36] "GET /QueryManager/staticfiles/jquery-3.5.1.min.js HTTP/1.1" 404 179
[14/Nov/2024 20:30:36] "GET /QueryManager/staticfiles/animate.min.css HTTP/1.1" 404 179
[14/Nov/2024 20:30:36] "GET /QueryManager/staticfiles/bootstrap.min.js HTTP/1.1" 404 179
[14/Nov/2024 20:30:36] "GET /QueryManager/staticfiles/fa4/css/font-awesome.min.css HTTP/1.1" 404 179
[14/Nov/2024 20:30:44] "POST /QueryManager/accounts/login/ HTTP/1.1" 200 5322
[14/Nov/2024 20:30:44] "GET /QueryManager/staticfiles/bootstrap.min.js HTTP/1.1" 404 179
[14/Nov/2024 20:30:44] "GET /QueryManager/staticfiles/fa4/css/font-awesome.min.css HTTP/1.1" 404 179
[14/Nov/2024 20:30:44] "GET /QueryManager/staticfiles/jquery-3.5.1.min.js HTTP/1.1" 404 179
[14/Nov/2024 20:30:44] "GET /QueryManager/staticfiles/animate.min.css HTTP/1.1" 404 179
[14/Nov/2024 20:30:53] "POST /QueryManager/accounts/login/ HTTP/1.1" 200 5322
[14/Nov/2024 20:30:53] "GET /QueryManager/staticfiles/animate.min.css HTTP/1.1" 404 179
[14/Nov/2024 20:30:53] "GET /QueryManager/staticfiles/fa4/css/font-awesome.min.css HTTP/1.1" 404 179
[14/Nov/2024 20:30:53] "GET /QueryManager/staticfiles/jquery-3.5.1.min.js HTTP/1.1" 404 179
[14/Nov/2024 20:30:53] "GET /QueryManager/staticfiles/bootstrap.min.js HTTP/1.1" 404 179
[14/Nov/2024 20:31:06] "POST /QueryManager/accounts/login/ HTTP/1.1" 200 5322
[14/Nov/2024 20:31:06] "GET /QueryManager/staticfiles/bootstrap.min.js HTTP/1.1" 404 179
[14/Nov/2024 20:31:06] "GET /QueryManager/staticfiles/animate.min.css HTTP/1.1" 404 179
[14/Nov/2024 20:31:06] "GET /QueryManager/staticfiles/jquery-3.5.1.min.js HTTP/1.1" 404 179
[14/Nov/2024 20:31:06] "GET /QueryManager/staticfiles/fa4/css/font-awesome.min.css HTTP/1.1" 404 179
[14/Nov/2024 20:31:18] "GET /QueryManager/ HTTP/1.1" 200 13065
[14/Nov/2024 20:31:21] "GET /QueryManager/accounts/login/ HTTP/1.1" 200 4914
[14/Nov/2024 20:31:25] "GET /QueryManager/accounts/register/ HTTP/1.1" 200 5407
[14/Nov/2024 20:31:28] "GET /QueryManager/accounts/login/ HTTP/1.1" 200 4914
[14/Nov/2024 20:31:29] "GET /QueryManager/accounts/password_reset/ HTTP/1.1" 200 4080
[14/Nov/2024 20:31:29] "GET /QueryManager/staticfiles/admin/css/base.css HTTP/1.1" 404 179
[14/Nov/2024 20:31:29] "GET /QueryManager/staticfiles/admin/css/responsive.css HTTP/1.1" 404 179
[14/Nov/2024 20:31:29] "GET /QueryManager/staticfiles/admin/css/dark_mode.css HTTP/1.1" 404 179
[14/Nov/2024 20:31:29] "GET /QueryManager/staticfiles/admin/css/forms.css HTTP/1.1" 404 179
[14/Nov/2024 20:31:29] "GET /QueryManager/staticfiles/admin/js/theme.js HTTP/1.1" 404 179
[14/Nov/2024 20:32:16] "GET /QueryManager/ HTTP/1.1" 200 13065
[14/Nov/2024 20:32:19] "GET /QueryManager/accounts/login/ HTTP/1.1" 200 4914
[14/Nov/2024 20:32:20] "GET /QueryManager/accounts/password_reset/ HTTP/1.1" 200 4080
[14/Nov/2024 20:32:20] "GET /QueryManager/staticfiles/admin/css/base.css HTTP/1.1" 404 179
[14/Nov/2024 20:32:20] "GET /QueryManager/staticfiles/admin/css/responsive.css HTTP/1.1" 404 179
[14/Nov/2024 20:32:20] "GET /QueryManager/staticfiles/admin/js/theme.js HTTP/1.1" 404 179
[14/Nov/2024 20:32:20] "GET /QueryManager/staticfiles/admin/css/dark_mode.css HTTP/1.1" 404 179
[14/Nov/2024 20:32:20] "GET /QueryManager/staticfiles/admin/css/forms.css HTTP/1.1" 404 179
[14/Nov/2024 20:33:01] "GET /QueryManager/accounts/login/ HTTP/1.1" 200 4914
[14/Nov/2024 20:33:01] "GET /QueryManager/staticfiles/fa4/css/font-awesome.min.css HTTP/1.1" 404 179
[14/Nov/2024 20:33:01] "GET /QueryManager/staticfiles/jquery-3.5.1.min.js HTTP/1.1" 404 179
[14/Nov/2024 20:33:01] "GET /QueryManager/staticfiles/animate.min.css HTTP/1.1" 404 179
[14/Nov/2024 20:33:01] "GET /QueryManager/staticfiles/bootstrap.min.js HTTP/1.1" 404 179
[14/Nov/2024 20:33:04] "GET /QueryManager/accounts/password_reset/ HTTP/1.1" 200 4080
[14/Nov/2024 20:33:04] "GET /QueryManager/staticfiles/admin/css/dark_mode.css HTTP/1.1" 404 179
[14/Nov/2024 20:33:04] "GET /QueryManager/staticfiles/admin/css/forms.css HTTP/1.1" 404 179
[14/Nov/2024 20:33:04] "GET /QueryManager/staticfiles/admin/css/base.css HTTP/1.1" 404 179
[14/Nov/2024 20:33:04] "GET /QueryManager/staticfiles/admin/css/responsive.css HTTP/1.1" 404 179
[14/Nov/2024 20:33:04] "GET /QueryManager/staticfiles/admin/js/theme.js HTTP/1.1" 404 179
[14/Nov/2024 20:33:06] "GET /QueryManager/accounts/password_reset/ HTTP/1.1" 200 4080
[14/Nov/2024 20:33:06] "GET /QueryManager/staticfiles/admin/css/dark_mode.css HTTP/1.1" 404 179
[14/Nov/2024 20:33:06] "GET /QueryManager/staticfiles/admin/css/forms.css HTTP/1.1" 404 179
[14/Nov/2024 20:33:06] "GET /QueryManager/staticfiles/admin/css/base.css HTTP/1.1" 404 179
[14/Nov/2024 20:33:06] "GET /QueryManager/staticfiles/admin/css/responsive.css HTTP/1.1" 404 179
[14/Nov/2024 20:33:06] "GET /QueryManager/staticfiles/admin/js/theme.js HTTP/1.1" 404 179
[14/Nov/2024 20:33:09] "GET /QueryManager/accounts/password_reset/ HTTP/1.1" 200 4080
[14/Nov/2024 20:33:09] "GET /QueryManager/staticfiles/admin/css/base.css HTTP/1.1" 404 179
[14/Nov/2024 20:33:09] "GET /QueryManager/staticfiles/admin/js/theme.js HTTP/1.1" 404 179
[14/Nov/2024 20:33:09] "GET /QueryManager/staticfiles/admin/css/forms.css HTTP/1.1" 404 179
[14/Nov/2024 20:33:09] "GET /QueryManager/staticfiles/admin/css/responsive.css HTTP/1.1" 404 179
[14/Nov/2024 20:33:09] "GET /QueryManager/staticfiles/admin/css/dark_mode.css HTTP/1.1" 404 179
[14/Nov/2024 20:33:10] "GET /QueryManager/accounts/login/ HTTP/1.1" 200 4914
[14/Nov/2024 20:33:12] "GET /QueryManager/ HTTP/1.1" 200 13065
[14/Nov/2024 20:33:13] "GET /QueryManager/ HTTP/1.1" 200 13065
[14/Nov/2024 20:33:14] "GET /QueryManager/ HTTP/1.1" 200 13065
[14/Nov/2024 20:33:15] "GET /QueryManager/accounts/login/ HTTP/1.1" 200 4914
[14/Nov/2024 20:33:15] "GET /QueryManager/staticfiles/jquery-3.5.1.min.js HTTP/1.1" 404 179
[14/Nov/2024 20:33:15] "GET /QueryManager/staticfiles/fa4/css/font-awesome.min.css HTTP/1.1" 404 179
[14/Nov/2024 20:33:15] "GET /QueryManager/staticfiles/bootstrap.min.js HTTP/1.1" 404 179
[14/Nov/2024 20:33:15] "GET /QueryManager/staticfiles/animate.min.css HTTP/1.1" 404 179
[14/Nov/2024 20:33:16] "GET /QueryManager/accounts/password_reset/ HTTP/1.1" 200 4080
[14/Nov/2024 20:33:16] "GET /QueryManager/staticfiles/admin/css/forms.css HTTP/1.1" 404 179
[14/Nov/2024 20:33:16] "GET /QueryManager/staticfiles/admin/js/theme.js HTTP/1.1" 404 179
[14/Nov/2024 20:33:16] "GET /QueryManager/staticfiles/admin/css/base.css HTTP/1.1" 404 179
[14/Nov/2024 20:33:16] "GET /QueryManager/staticfiles/admin/css/dark_mode.css HTTP/1.1" 404 179
[14/Nov/2024 20:33:16] "GET /QueryManager/staticfiles/admin/css/responsive.css HTTP/1.1" 404 179
