Performing system checks...

System check identified no issues (0 silenced).
November 27, 2024 - 22:58:21
Django version 4.2.16, using settings 'core.settings'
Starting development server at http://127.0.0.1:10149/
Quit the server with CTRL-BREAK.

[27/Nov/2024 22:58:21] "GET /QueryManager/ HTTP/1.1" 200 12882
[27/Nov/2024 23:10:31] "GET /QueryManager/ HTTP/1.1" 200 12882
[27/Nov/2024 23:10:33] "GET /QueryManager/accounts/login/ HTTP/1.1" 200 4925
[27/Nov/2024 23:10:34] "GET /QueryManager/static/animate.min.css HTTP/1.1" 304 0
[27/Nov/2024 23:10:34] "GET /QueryManager/static/fa4/css/font-awesome.min.css HTTP/1.1" 304 0
[27/Nov/2024 23:10:34] "GET /QueryManager/static/bootstrap.min.js HTTP/1.1" 304 0
[27/Nov/2024 23:10:34] "GET /QueryManager/static/jquery-3.5.1.min.js HTTP/1.1" 304 0
[27/Nov/2024 23:10:41] "POST /QueryManager/accounts/login/ HTTP/1.1" 200 5333
[27/Nov/2024 23:10:47] "POST /QueryManager/accounts/login/ HTTP/1.1" 302 0
[27/Nov/2024 23:10:48] "GET /QueryManager/ HTTP/1.1" 200 13605
[27/Nov/2024 23:10:55] "GET /QueryManager/admin/ HTTP/1.1" 200 8662
[27/Nov/2024 23:10:55] "GET /QueryManager/static/admin/css/nav_sidebar.css HTTP/1.1" 304 0
[27/Nov/2024 23:10:55] "GET /QueryManager/static/admin/css/responsive.css HTTP/1.1" 304 0
[27/Nov/2024 23:10:55] "GET /QueryManager/static/admin/css/dark_mode.css HTTP/1.1" 304 0
[27/Nov/2024 23:10:55] "GET /QueryManager/static/admin/js/nav_sidebar.js HTTP/1.1" 304 0
[27/Nov/2024 23:10:55] "GET /QueryManager/static/admin/css/base.css HTTP/1.1" 304 0
[27/Nov/2024 23:10:55] "GET /QueryManager/static/admin/js/theme.js HTTP/1.1" 304 0
[27/Nov/2024 23:10:55] "GET /QueryManager/static/admin/css/dashboard.css HTTP/1.1" 304 0
[27/Nov/2024 23:10:56] "GET /QueryManager/static/admin/img/icon-addlink.svg HTTP/1.1" 200 331
[27/Nov/2024 23:10:56] "GET /QueryManager/static/admin/img/icon-changelink.svg HTTP/1.1" 200 380
[27/Nov/2024 23:10:59] "GET /QueryManager/admin/main/customuser/ HTTP/1.1" 200 12987
[27/Nov/2024 23:10:59] "GET /QueryManager/static/admin/js/vendor/jquery/jquery.min.js HTTP/1.1" 304 0
[27/Nov/2024 23:10:59] "GET /QueryManager/static/admin/js/actions.js HTTP/1.1" 304 0
[27/Nov/2024 23:10:59] "GET /QueryManager/static/admin/js/jquery.init.js HTTP/1.1" 304 0
[27/Nov/2024 23:10:59] "GET /QueryManager/static/admin/js/prepopulate.js HTTP/1.1" 304 0
[27/Nov/2024 23:10:59] "GET /QueryManager/static/admin/css/changelists.css HTTP/1.1" 304 0
[27/Nov/2024 23:10:59] "GET /QueryManager/static/admin/js/core.js HTTP/1.1" 304 0
[27/Nov/2024 23:10:59] "GET /QueryManager/static/admin/js/urlify.js HTTP/1.1" 304 0
[27/Nov/2024 23:10:59] "GET /QueryManager/static/admin/js/vendor/xregexp/xregexp.min.js HTTP/1.1" 304 0
[27/Nov/2024 23:10:59] "GET /QueryManager/static/admin/js/admin/RelatedObjectLookups.js HTTP/1.1" 304 0
[27/Nov/2024 23:10:59] "GET /QueryManager/admin/jsi18n/ HTTP/1.1" 200 3343
[27/Nov/2024 23:11:00] "GET /QueryManager/static/admin/js/filters.js HTTP/1.1" 304 0
[27/Nov/2024 23:11:00] "GET /QueryManager/static/admin/img/tooltag-add.svg HTTP/1.1" 200 331
[27/Nov/2024 23:11:03] "GET /QueryManager/admin/main/customuser/13/change/ HTTP/1.1" 200 23858
[27/Nov/2024 23:11:04] "GET /QueryManager/static/admin/css/forms.css HTTP/1.1" 304 0
[27/Nov/2024 23:11:04] "GET /QueryManager/static/admin/js/calendar.js HTTP/1.1" 304 0
[27/Nov/2024 23:11:04] "GET /QueryManager/static/admin/js/prepopulate_init.js HTTP/1.1" 304 0
[27/Nov/2024 23:11:04] "GET /QueryManager/static/admin/js/admin/DateTimeShortcuts.js HTTP/1.1" 304 0
[27/Nov/2024 23:11:04] "GET /QueryManager/admin/jsi18n/ HTTP/1.1" 200 3343
[27/Nov/2024 23:11:04] "GET /QueryManager/static/admin/css/widgets.css HTTP/1.1" 304 0
[27/Nov/2024 23:11:04] "GET /QueryManager/static/admin/js/change_form.js HTTP/1.1" 304 0
[27/Nov/2024 23:11:05] "GET /QueryManager/static/admin/img/icon-calendar.svg HTTP/1.1" 304 0
[27/Nov/2024 23:11:05] "GET /QueryManager/static/admin/img/icon-clock.svg HTTP/1.1" 304 0
[27/Nov/2024 23:11:07] "GET /QueryManager/admin/main/customuser/ HTTP/1.1" 200 12987
[27/Nov/2024 23:11:07] "GET /QueryManager/admin/jsi18n/ HTTP/1.1" 200 3343
[27/Nov/2024 23:11:17] "GET /QueryManager/admin/main/customuser/12/change/ HTTP/1.1" 200 23872
[27/Nov/2024 23:11:17] "GET /QueryManager/admin/jsi18n/ HTTP/1.1" 200 3343
[27/Nov/2024 23:11:19] "GET /QueryManager/admin/main/customuser/12/delete/ HTTP/1.1" 200 9077
[27/Nov/2024 23:11:19] "GET /QueryManager/static/admin/js/cancel.js HTTP/1.1" 200 884
[27/Nov/2024 23:11:21] "POST /QueryManager/admin/main/customuser/12/delete/ HTTP/1.1" 302 0
[27/Nov/2024 23:11:21] "GET /QueryManager/admin/main/customuser/ HTTP/1.1" 200 12917
[27/Nov/2024 23:11:21] "GET /QueryManager/admin/jsi18n/ HTTP/1.1" 200 3343
[27/Nov/2024 23:11:21] "GET /QueryManager/static/admin/img/icon-yes.svg HTTP/1.1" 200 436
[27/Nov/2024 23:11:22] "GET /QueryManager/admin/main/customuser/11/change/ HTTP/1.1" 200 23831
[27/Nov/2024 23:11:23] "GET /QueryManager/admin/jsi18n/ HTTP/1.1" 200 3343
[27/Nov/2024 23:11:24] "GET /QueryManager/admin/main/customuser/11/delete/ HTTP/1.1" 200 9428
[27/Nov/2024 23:11:26] "POST /QueryManager/admin/main/customuser/11/delete/ HTTP/1.1" 302 0
[27/Nov/2024 23:11:26] "GET /QueryManager/admin/main/customuser/ HTTP/1.1" 200 12693
[27/Nov/2024 23:11:26] "GET /QueryManager/admin/jsi18n/ HTTP/1.1" 200 3343
[27/Nov/2024 23:11:28] "GET /QueryManager/admin/main/customuser/10/change/ HTTP/1.1" 200 24138
[27/Nov/2024 23:11:28] "GET /QueryManager/admin/jsi18n/ HTTP/1.1" 200 3343
[27/Nov/2024 23:11:30] "GET /QueryManager/admin/main/customuser/10/delete/ HTTP/1.1" 200 9065
[27/Nov/2024 23:11:32] "POST /QueryManager/admin/main/customuser/10/delete/ HTTP/1.1" 302 0
[27/Nov/2024 23:11:32] "GET /QueryManager/admin/main/customuser/ HTTP/1.1" 200 12469
[27/Nov/2024 23:11:32] "GET /QueryManager/admin/jsi18n/ HTTP/1.1" 200 3343
[27/Nov/2024 23:11:33] "GET /QueryManager/admin/main/customuser/9/change/ HTTP/1.1" 200 24179
[27/Nov/2024 23:11:34] "GET /QueryManager/admin/jsi18n/ HTTP/1.1" 200 3343
[27/Nov/2024 23:11:35] "GET /QueryManager/admin/main/customuser/9/delete/ HTTP/1.1" 200 9713
[27/Nov/2024 23:11:36] "POST /QueryManager/admin/main/customuser/9/delete/ HTTP/1.1" 302 0
[27/Nov/2024 23:11:37] "GET /QueryManager/admin/main/customuser/ HTTP/1.1" 200 12248
[27/Nov/2024 23:11:37] "GET /QueryManager/admin/jsi18n/ HTTP/1.1" 200 3343
[27/Nov/2024 23:11:38] "GET /QueryManager/admin/main/customuser/8/change/ HTTP/1.1" 200 23797
[27/Nov/2024 23:11:38] "GET /QueryManager/admin/jsi18n/ HTTP/1.1" 200 3343
[27/Nov/2024 23:11:40] "GET /QueryManager/admin/main/customuser/8/delete/ HTTP/1.1" 200 9075
[27/Nov/2024 23:11:42] "POST /QueryManager/admin/main/customuser/8/delete/ HTTP/1.1" 302 0
[27/Nov/2024 23:11:42] "GET /QueryManager/admin/main/customuser/ HTTP/1.1" 200 12026
[27/Nov/2024 23:11:42] "GET /QueryManager/admin/jsi18n/ HTTP/1.1" 200 3343
[27/Nov/2024 23:11:43] "GET /QueryManager/admin/main/customuser/7/change/ HTTP/1.1" 200 23801
[27/Nov/2024 23:11:44] "GET /QueryManager/admin/jsi18n/ HTTP/1.1" 200 3343
[27/Nov/2024 23:11:45] "GET /QueryManager/admin/main/customuser/7/delete/ HTTP/1.1" 200 9078
[27/Nov/2024 23:11:46] "POST /QueryManager/admin/main/customuser/7/delete/ HTTP/1.1" 302 0
[27/Nov/2024 23:11:47] "GET /QueryManager/admin/main/customuser/ HTTP/1.1" 200 11804
[27/Nov/2024 23:11:47] "GET /QueryManager/admin/jsi18n/ HTTP/1.1" 200 3343
[27/Nov/2024 23:11:48] "GET /QueryManager/admin/main/customuser/6/change/ HTTP/1.1" 200 23793
[27/Nov/2024 23:11:48] "GET /QueryManager/admin/jsi18n/ HTTP/1.1" 200 3343
[27/Nov/2024 23:11:50] "GET /QueryManager/admin/main/customuser/6/delete/ HTTP/1.1" 200 9340
[27/Nov/2024 23:11:51] "POST /QueryManager/admin/main/customuser/6/delete/ HTTP/1.1" 302 0
[27/Nov/2024 23:11:51] "GET /QueryManager/admin/main/customuser/ HTTP/1.1" 200 11581
[27/Nov/2024 23:11:51] "GET /QueryManager/admin/jsi18n/ HTTP/1.1" 200 3343
[27/Nov/2024 23:11:53] "GET /QueryManager/admin/main/customuser/5/change/ HTTP/1.1" 200 23777
[27/Nov/2024 23:11:53] "GET /QueryManager/admin/jsi18n/ HTTP/1.1" 200 3343
[27/Nov/2024 23:11:55] "GET /QueryManager/admin/main/customuser/5/delete/ HTTP/1.1" 200 9087
[27/Nov/2024 23:11:56] "POST /QueryManager/admin/main/customuser/5/delete/ HTTP/1.1" 302 0
[27/Nov/2024 23:11:56] "GET /QueryManager/admin/main/customuser/ HTTP/1.1" 200 11360
[27/Nov/2024 23:11:56] "GET /QueryManager/admin/jsi18n/ HTTP/1.1" 200 3343
[27/Nov/2024 23:11:58] "GET /QueryManager/admin/main/customuser/4/change/ HTTP/1.1" 200 23921
[27/Nov/2024 23:11:58] "GET /QueryManager/admin/jsi18n/ HTTP/1.1" 200 3343
[27/Nov/2024 23:12:00] "GET /QueryManager/admin/main/customuser/4/delete/ HTTP/1.1" 200 9830
[27/Nov/2024 23:12:01] "POST /QueryManager/admin/main/customuser/4/delete/ HTTP/1.1" 302 0
[27/Nov/2024 23:12:01] "GET /QueryManager/admin/main/customuser/ HTTP/1.1" 200 11134
[27/Nov/2024 23:12:01] "GET /QueryManager/admin/jsi18n/ HTTP/1.1" 200 3343
[27/Nov/2024 23:12:03] "GET /QueryManager/admin/main/customuser/3/change/ HTTP/1.1" 200 23844
[27/Nov/2024 23:12:03] "GET /QueryManager/admin/jsi18n/ HTTP/1.1" 200 3343
[27/Nov/2024 23:12:04] "GET /QueryManager/admin/main/customuser/3/delete/ HTTP/1.1" 200 9777
[27/Nov/2024 23:12:06] "POST /QueryManager/admin/main/customuser/3/delete/ HTTP/1.1" 302 0
[27/Nov/2024 23:12:06] "GET /QueryManager/admin/main/customuser/ HTTP/1.1" 200 10881
[27/Nov/2024 23:12:06] "GET /QueryManager/admin/jsi18n/ HTTP/1.1" 200 3343
[27/Nov/2024 23:12:07] "GET /QueryManager/admin/main/customuser/2/change/ HTTP/1.1" 200 23801
[27/Nov/2024 23:12:08] "GET /QueryManager/admin/jsi18n/ HTTP/1.1" 200 3343
[27/Nov/2024 23:12:09] "GET /QueryManager/admin/main/customuser/2/delete/ HTTP/1.1" 200 10712
[27/Nov/2024 23:12:11] "POST /QueryManager/admin/main/customuser/2/delete/ HTTP/1.1" 302 0
[27/Nov/2024 23:12:11] "GET /QueryManager/admin/main/customuser/ HTTP/1.1" 200 10658
[27/Nov/2024 23:12:11] "GET /QueryManager/admin/jsi18n/ HTTP/1.1" 200 3343
[27/Nov/2024 23:12:12] "GET /QueryManager/admin/main/customuser/1/change/ HTTP/1.1" 200 23805
[27/Nov/2024 23:12:13] "GET /QueryManager/admin/jsi18n/ HTTP/1.1" 200 3343
[27/Nov/2024 23:12:14] "GET /QueryManager/admin/main/customuser/1/delete/ HTTP/1.1" 200 9069
[27/Nov/2024 23:12:19] "POST /QueryManager/admin/main/customuser/1/delete/ HTTP/1.1" 302 0
[27/Nov/2024 23:12:19] "GET /QueryManager/admin/main/customuser/ HTTP/1.1" 200 10434
[27/Nov/2024 23:12:19] "GET /QueryManager/admin/jsi18n/ HTTP/1.1" 200 3343
[27/Nov/2024 23:12:22] "GET /QueryManager/admin/main/customuser/13/change/ HTTP/1.1" 200 23858
[27/Nov/2024 23:12:22] "GET /QueryManager/admin/jsi18n/ HTTP/1.1" 200 3343
[27/Nov/2024 23:12:26] "GET /QueryManager/admin/main/answer/ HTTP/1.1" 200 9125
[27/Nov/2024 23:12:26] "GET /QueryManager/admin/jsi18n/ HTTP/1.1" 200 3343
[27/Nov/2024 23:12:27] "GET /QueryManager/admin/main/comment/ HTTP/1.1" 200 9132
[27/Nov/2024 23:12:28] "GET /QueryManager/admin/jsi18n/ HTTP/1.1" 200 3343
[27/Nov/2024 23:12:28] "GET /QueryManager/admin/main/downvote/ HTTP/1.1" 200 9144
[27/Nov/2024 23:12:29] "GET /QueryManager/admin/jsi18n/ HTTP/1.1" 200 3343
[27/Nov/2024 23:12:29] "GET /QueryManager/admin/main/question/ HTTP/1.1" 200 9463
[27/Nov/2024 23:12:30] "GET /QueryManager/admin/jsi18n/ HTTP/1.1" 200 3343
[27/Nov/2024 23:12:30] "GET /QueryManager/static/admin/img/search.svg HTTP/1.1" 200 458
[27/Nov/2024 23:12:30] "GET /QueryManager/admin/main/upvote/ HTTP/1.1" 200 9130
[27/Nov/2024 23:12:31] "GET /QueryManager/admin/jsi18n/ HTTP/1.1" 200 3343
[27/Nov/2024 23:12:32] "GET /QueryManager/admin/main/customuser/ HTTP/1.1" 200 10282
[27/Nov/2024 23:12:33] "GET /QueryManager/admin/jsi18n/ HTTP/1.1" 200 3343
[27/Nov/2024 23:12:37] "GET /QueryManager/ HTTP/1.1" 200 3983
[27/Nov/2024 23:14:17] "GET /QueryManager/accounts/logout/ HTTP/1.1" 302 0
[27/Nov/2024 23:14:17] "GET /QueryManager/ HTTP/1.1" 200 3260
[27/Nov/2024 23:14:18] "GET /QueryManager/accounts/login/ HTTP/1.1" 200 4925
[27/Nov/2024 23:14:26] "POST /QueryManager/accounts/login/ HTTP/1.1" 302 0
[27/Nov/2024 23:14:27] "GET /QueryManager/ HTTP/1.1" 200 3985
[27/Nov/2024 23:14:32] "GET /QueryManager/admin/ HTTP/1.1" 200 8329
[27/Nov/2024 23:14:35] "GET /QueryManager/admin/main/customuser/ HTTP/1.1" 200 10510
[27/Nov/2024 23:14:35] "GET /QueryManager/admin/jsi18n/ HTTP/1.1" 200 3343
[27/Nov/2024 23:14:37] "GET /QueryManager/admin/main/customuser/13/change/ HTTP/1.1" 200 23860
[27/Nov/2024 23:14:38] "GET /QueryManager/admin/jsi18n/ HTTP/1.1" 200 3343
[27/Nov/2024 23:14:40] "GET /QueryManager/admin/main/customuser/13/delete/ HTTP/1.1" 200 9778
[27/Nov/2024 23:14:41] "POST /QueryManager/admin/main/customuser/13/delete/ HTTP/1.1" 302 0
[27/Nov/2024 23:14:41] "GET /QueryManager/admin/main/customuser/ HTTP/1.1" 200 10439
[27/Nov/2024 23:14:42] "GET /QueryManager/admin/jsi18n/ HTTP/1.1" 200 3343
