Watching for file changes with StatReloader
[14/Nov/2024 04:54:53] "GET /QueryManager/ HTTP/1.1" 200 13174
[14/Nov/2024 04:59:35] "GET /QueryManager/ HTTP/1.1" 200 13174
[14/Nov/2024 04:59:39] "GET /QueryManager/accounts/login/ HTTP/1.1" 200 4914
[14/Nov/2024 04:59:53] "POST /QueryManager/accounts/login/ HTTP/1.1" 302 0
[14/Nov/2024 04:59:54] "GET /QueryManager/ HTTP/1.1" 200 13903
[14/Nov/2024 05:00:01] "GET /QueryManager/ask-question HTTP/1.1" 200 6772
[14/Nov/2024 05:00:18] "POST /QueryManager/ask-question HTTP/1.1" 302 0
[14/Nov/2024 05:00:18] "GET /QueryManager/ask-question HTTP/1.1" 200 6888
[14/Nov/2024 05:00:22] "GET /QueryManager/ HTTP/1.1" 200 13806
[14/Nov/2024 05:00:23] "GET /QueryManager/ HTTP/1.1" 200 13806
[14/Nov/2024 05:00:24] "GET /QueryManager/ HTTP/1.1" 200 13806
[14/Nov/2024 05:00:35] "GET /QueryManager/ HTTP/1.1" 200 13806
[14/Nov/2024 05:00:39] "GET /QueryManager/detail/11 HTTP/1.1" 301 0
[14/Nov/2024 05:00:39] "GET /QueryManager/detail/11/ HTTP/1.1" 200 10994
[14/Nov/2024 05:00:48] "POST /QueryManager/detail/11/ HTTP/1.1" 200 13150
[14/Nov/2024 05:00:51] "GET /QueryManager/ HTTP/1.1" 200 13806
[14/Nov/2024 05:01:02] "GET /QueryManager/detail/11/ HTTP/1.1" 200 13061
[14/Nov/2024 05:01:41] "POST /QueryManager/detail/11/ HTTP/1.1" 200 15217
[14/Nov/2024 05:01:47] "GET /QueryManager/ HTTP/1.1" 200 13806
[14/Nov/2024 05:01:51] "GET /QueryManager/detail/11/ HTTP/1.1" 200 15128
[14/Nov/2024 05:02:05] "POST /QueryManager/detail/11/ HTTP/1.1" 200 17284
[14/Nov/2024 05:02:24] "GET /QueryManager/ HTTP/1.1" 200 13806
[14/Nov/2024 05:02:29] "GET /QueryManager/detail/11/ HTTP/1.1" 200 17195
[14/Nov/2024 05:03:20] "GET /QueryManager/ HTTP/1.1" 200 13806
[14/Nov/2024 05:03:21] "GET /QueryManager/accounts/profile HTTP/1.1" 301 0
[14/Nov/2024 05:03:21] "GET /QueryManager/accounts/profile/ HTTP/1.1" 200 15498
[14/Nov/2024 05:04:10] "POST /QueryManager/accounts/profile/ HTTP/1.1" 302 0
[14/Nov/2024 05:04:10] "GET /QueryManager/accounts/profile/ HTTP/1.1" 200 15628
[14/Nov/2024 05:04:17] "GET /QueryManager/accounts/logout/ HTTP/1.1" 302 0
[14/Nov/2024 05:04:17] "GET /QueryManager/ HTTP/1.1" 200 13077
[14/Nov/2024 05:04:20] "GET /QueryManager/accounts/login/ HTTP/1.1" 200 4914
[14/Nov/2024 05:04:30] "POST /QueryManager/accounts/login/ HTTP/1.1" 200 5322
[14/Nov/2024 05:04:36] "POST /QueryManager/accounts/login/ HTTP/1.1" 302 0
[14/Nov/2024 05:04:36] "GET /QueryManager/ HTTP/1.1" 200 13806
[14/Nov/2024 05:04:55] "GET /QueryManager/ HTTP/1.1" 200 13806
[14/Nov/2024 05:05:12] "GET /QueryManager/ HTTP/1.1" 200 13806
[14/Nov/2024 05:05:17] "GET /QueryManager?page=2 HTTP/1.1" 301 0
[14/Nov/2024 05:05:17] "GET /QueryManager/?page=2 HTTP/1.1" 200 13965
[14/Nov/2024 05:05:52] "GET /QueryManager/accounts/profile/ HTTP/1.1" 200 15498
[14/Nov/2024 05:06:18] "POST /QueryManager/accounts/profile/ HTTP/1.1" 302 0
[14/Nov/2024 05:06:18] "GET /QueryManager/accounts/profile/ HTTP/1.1" 200 15660
[14/Nov/2024 05:06:19] "GET /QueryManager/media/profile_pics/ironman.jfif HTTP/1.1" 200 9789
[14/Nov/2024 05:06:27] "GET /QueryManager/accounts/logout/ HTTP/1.1" 302 0
[14/Nov/2024 05:06:28] "GET /QueryManager/ HTTP/1.1" 200 13065
[14/Nov/2024 05:06:28] "GET /QueryManager/media/profile_pics/ironman.jfif HTTP/1.1" 304 0
[14/Nov/2024 05:06:34] "GET /QueryManager/accounts/register/ HTTP/1.1" 200 5407
[14/Nov/2024 05:06:57] "POST /QueryManager/accounts/register/ HTTP/1.1" 200 5601
[14/Nov/2024 05:07:01] "GET /QueryManager/accounts/login/ HTTP/1.1" 200 4914
[14/Nov/2024 05:07:09] "POST /QueryManager/accounts/login/ HTTP/1.1" 302 0
[14/Nov/2024 05:07:10] "GET /QueryManager/ HTTP/1.1" 200 13790
[14/Nov/2024 05:07:10] "GET /QueryManager/media/profile_pics/ironman.jfif HTTP/1.1" 304 0
[14/Nov/2024 05:07:16] "GET /QueryManager/accounts/profile/ HTTP/1.1" 200 14592
[14/Nov/2024 05:08:02] "POST /QueryManager/accounts/profile/ HTTP/1.1" 302 0
[14/Nov/2024 05:08:03] "GET /QueryManager/accounts/profile/ HTTP/1.1" 200 14760
[14/Nov/2024 05:08:03] "GET /QueryManager/media/profile_pics/BackGround.png HTTP/1.1" 200 847013
[14/Nov/2024 05:08:15] "GET /QueryManager/accounts/logout/ HTTP/1.1" 302 0
[14/Nov/2024 05:08:15] "GET /QueryManager/ HTTP/1.1" 200 13065
[14/Nov/2024 05:08:16] "GET /QueryManager/media/profile_pics/ironman.jfif HTTP/1.1" 304 0
[14/Nov/2024 05:08:18] "GET /QueryManager/accounts/login/ HTTP/1.1" 200 4914
[14/Nov/2024 05:08:27] "POST /QueryManager/accounts/login/ HTTP/1.1" 200 5322
[14/Nov/2024 05:08:36] "POST /QueryManager/accounts/login/ HTTP/1.1" 200 5322
[14/Nov/2024 05:08:48] "POST /QueryManager/accounts/login/ HTTP/1.1" 302 0
[14/Nov/2024 05:08:48] "GET /QueryManager/ HTTP/1.1" 200 13788
[14/Nov/2024 05:08:49] "GET /QueryManager/media/profile_pics/ironman.jfif HTTP/1.1" 304 0
[14/Nov/2024 05:08:50] "GET /QueryManager/accounts/profile/ HTTP/1.1" 200 15531
[14/Nov/2024 05:09:02] "GET /QueryManager/ HTTP/1.1" 200 13788
[14/Nov/2024 05:09:16] "GET /QueryManager/staticfiles/bootstrap.min.css.map HTTP/1.1" 404 1973
[14/Nov/2024 05:10:02] "GET /QueryManager/staticfiles/bootstrap.min.css.map HTTP/1.1" 404 1973
[14/Nov/2024 05:13:14] "GET /QueryManager/ HTTP/1.1" 200 13788
[14/Nov/2024 05:13:14] "GET /QueryManager/ HTTP/1.1" 200 13788
[14/Nov/2024 05:13:14] "GET /QueryManager/media/profile_pics/ironman.jfif HTTP/1.1" 304 0
[14/Nov/2024 05:16:28] "GET /QueryManager/ HTTP/1.1" 200 13788
[14/Nov/2024 05:16:28] "GET /QueryManager/media/profile_pics/ironman.jfif HTTP/1.1" 304 0
[14/Nov/2024 05:18:24] "GET /QueryManager/ HTTP/1.1" 200 13788
[14/Nov/2024 05:18:25] "GET /QueryManager/media/profile_pics/ironman.jfif HTTP/1.1" 304 0
[14/Nov/2024 05:18:25] "GET /QueryManager/ HTTP/1.1" 200 13788
[14/Nov/2024 05:18:26] "GET /QueryManager/ HTTP/1.1" 200 13788
[14/Nov/2024 05:18:26] "GET /QueryManager/ HTTP/1.1" 200 13788
[14/Nov/2024 05:19:23] "GET /QueryManager/ HTTP/1.1" 200 13788
[14/Nov/2024 05:19:24] "GET /QueryManager/ HTTP/1.1" 200 13788
[14/Nov/2024 05:19:25] "GET /QueryManager/ HTTP/1.1" 200 13788
[14/Nov/2024 05:19:25] "GET /QueryManager/ HTTP/1.1" 200 13788
[14/Nov/2024 05:19:25] "GET /QueryManager/ HTTP/1.1" 200 13788
[14/Nov/2024 05:19:26] "GET /QueryManager/ HTTP/1.1" 200 13788
[14/Nov/2024 05:19:26] "GET /QueryManager/ HTTP/1.1" 200 13788
[14/Nov/2024 05:19:32] "GET /QueryManager/tags HTTP/1.1" 301 0
[14/Nov/2024 05:19:32] "GET /QueryManager/tags/ HTTP/1.1" 200 12719
[14/Nov/2024 05:19:35] "GET /QueryManager/tag/tag-test-1 HTTP/1.1" 301 0
[14/Nov/2024 05:19:35] "GET /QueryManager/tag/tag-test-1/ HTTP/1.1" 200 6345
[14/Nov/2024 05:19:40] "GET /QueryManager/?q=sdfsdf HTTP/1.1" 200 3998
[14/Nov/2024 05:19:41] "GET /QueryManager/media/profile_pics/ironman.jfif HTTP/1.1" 304 0
[14/Nov/2024 05:19:45] "GET /QueryManager/ HTTP/1.1" 200 13788
[14/Nov/2024 05:19:51] "GET /QueryManager/tags/ HTTP/1.1" 200 12719
[14/Nov/2024 05:19:52] "GET /QueryManager/?q=sdfsdfsdf HTTP/1.1" 200 3998
[14/Nov/2024 05:19:58] "GET /QueryManager/ HTTP/1.1" 200 13788
[14/Nov/2024 05:20:44] "GET /QueryManager/ HTTP/1.1" 200 13788
[14/Nov/2024 05:20:45] "GET /QueryManager/ HTTP/1.1" 200 13788
[14/Nov/2024 05:20:45] "GET /QueryManager/ HTTP/1.1" 200 13788
[14/Nov/2024 05:20:46] "GET /QueryManager/ HTTP/1.1" 200 13788
[14/Nov/2024 05:20:46] "GET /QueryManager/ HTTP/1.1" 200 13788
[14/Nov/2024 05:21:56] "GET /QueryManager/ HTTP/1.1" 200 13788
[14/Nov/2024 05:21:56] "GET /QueryManager/media/profile_pics/ironman.jfif HTTP/1.1" 304 0
[14/Nov/2024 05:21:57] "GET /QueryManager/ HTTP/1.1" 200 13788
[14/Nov/2024 05:21:58] "GET /QueryManager/ HTTP/1.1" 200 13788
[14/Nov/2024 05:21:58] "GET /QueryManager/ HTTP/1.1" 200 13788
[14/Nov/2024 05:22:31] "GET /QueryManager/ HTTP/1.1" 200 13788
[14/Nov/2024 05:22:32] "GET /QueryManager/ HTTP/1.1" 200 13788
[14/Nov/2024 05:22:32] "GET /QueryManager/ HTTP/1.1" 200 13788
[14/Nov/2024 05:22:38] "GET /QueryManager/tags/ HTTP/1.1" 200 12733
[14/Nov/2024 05:22:39] "GET /QueryManager/?q=asdasdasd HTTP/1.1" 200 3998
[14/Nov/2024 05:22:48] "GET /QueryManager/ HTTP/1.1" 200 13788
[14/Nov/2024 05:26:11] "GET /QueryManager/ HTTP/1.1" 200 13788
[14/Nov/2024 05:26:11] "GET /QueryManager/media/profile_pics/ironman.jfif HTTP/1.1" 304 0
[14/Nov/2024 05:27:35] "GET /QueryManager/ HTTP/1.1" 200 13788
[14/Nov/2024 05:27:55] "GET /QueryManager/tags/ HTTP/1.1" 200 12718
[14/Nov/2024 05:27:57] "GET /QueryManager/tag/image HTTP/1.1" 301 0
[14/Nov/2024 05:27:57] "GET /QueryManager/tag/image/ HTTP/1.1" 200 8250
[14/Nov/2024 05:28:03] "GET /QueryManager/tag/issue-100 HTTP/1.1" 301 0
[14/Nov/2024 05:28:04] "GET /QueryManager/tag/issue-100/ HTTP/1.1" 200 6362
[14/Nov/2024 05:28:12] "GET /QueryManager/tag/tags HTTP/1.1" 301 0
[14/Nov/2024 05:28:12] "GET /QueryManager/tag/tags/ HTTP/1.1" 200 6315
[14/Nov/2024 05:28:13] "GET /QueryManager/media/profile_pics/ironman.jfif HTTP/1.1" 304 0
