Performing system checks...

System check identified no issues (0 silenced).
November 21, 2024 - 19:50:10
Django version 4.2.16, using settings 'core.settings'
Starting development server at http://127.0.0.1:17102/
Quit the server with CTRL-BREAK.

[21/Nov/2024 19:50:10] "GET /QueryManager/ HTTP/1.1" 200 12882
[21/Nov/2024 19:50:10] "GET /QueryManager/static/bootstrap.min.css HTTP/1.1" 304 0
[21/Nov/2024 19:50:10] "GET /QueryManager/static/profile_pics/default2.jpg HTTP/1.1" 304 0
[21/Nov/2024 19:50:10] "GET /QueryManager/static/custom.css HTTP/1.1" 304 0
[21/Nov/2024 19:50:10] "GET /QueryManager/static/query_manager.png HTTP/1.1" 304 0
[21/Nov/2024 19:50:10] "GET /QueryManager/media/profile_pics/ironman.jfif HTTP/1.1" 304 0
[21/Nov/2024 19:50:13] "GET /QueryManager/accounts/login/ HTTP/1.1" 200 4879
[21/Nov/2024 19:50:13] "GET /QueryManager/static/bootstrap.min.js HTTP/1.1" 304 0
[21/Nov/2024 19:50:13] "GET /QueryManager/static/animate.min.css HTTP/1.1" 304 0
[21/Nov/2024 19:50:13] "GET /QueryManager/static/fa4/css/font-awesome.min.css HTTP/1.1" 304 0
[21/Nov/2024 19:50:13] "GET /QueryManager/static/jquery-3.5.1.min.js HTTP/1.1" 304 0
[21/Nov/2024 19:50:16] "GET /QueryManager/accounts/password_reset/ HTTP/1.1" 200 4081
[21/Nov/2024 19:50:17] "GET /QueryManager/static/admin/css/base.css HTTP/1.1" 304 0
[21/Nov/2024 19:50:17] "GET /QueryManager/static/admin/css/forms.css HTTP/1.1" 304 0
[21/Nov/2024 19:50:17] "GET /QueryManager/static/admin/js/theme.js HTTP/1.1" 304 0
[21/Nov/2024 19:50:17] "GET /QueryManager/static/admin/css/responsive.css HTTP/1.1" 304 0
[21/Nov/2024 19:50:17] "GET /QueryManager/static/admin/css/dark_mode.css HTTP/1.1" 304 0
[21/Nov/2024 19:50:17] "GET /QueryManager/static/admin/css/widgets.css HTTP/1.1" 304 0
[21/Nov/2024 19:50:23] "GET /QueryManager/accounts/login/ HTTP/1.1" 200 4879
Performing system checks...

System check identified no issues (0 silenced).
November 21, 2024 - 19:59:50
Django version 4.2.16, using settings 'core.settings'
Starting development server at http://127.0.0.1:17102/
Quit the server with CTRL-BREAK.

Performing system checks...

System check identified no issues (0 silenced).
November 21, 2024 - 20:00:06
Django version 4.2.16, using settings 'core.settings'
Starting development server at http://127.0.0.1:17102/
Quit the server with CTRL-BREAK.

Performing system checks...

System check identified no issues (0 silenced).
November 21, 2024 - 20:03:22
Django version 4.2.16, using settings 'core.settings'
Starting development server at http://127.0.0.1:17102/
Quit the server with CTRL-BREAK.

[21/Nov/2024 20:03:26] "GET /QueryManager/accounts/login/ HTTP/1.1" 200 4879
[21/Nov/2024 20:03:30] "GET /QueryManager/accounts/password_reset/ HTTP/1.1" 200 4081
[21/Nov/2024 20:03:32] "GET /QueryManager/accounts/login/ HTTP/1.1" 200 4879
[21/Nov/2024 20:03:35] "GET /QueryManager/accounts/password_reset/ HTTP/1.1" 200 4081
[21/Nov/2024 20:03:37] "GET /QueryManager/accounts/login/ HTTP/1.1" 200 4879
Performing system checks...

System check identified no issues (0 silenced).
November 21, 2024 - 20:04:03
Django version 4.2.16, using settings 'core.settings'
Starting development server at http://127.0.0.1:17102/
Quit the server with CTRL-BREAK.

[21/Nov/2024 20:04:05] "GET /QueryManager/accounts/login/ HTTP/1.1" 200 4879
[21/Nov/2024 20:04:06] "GET /QueryManager/accounts/login/ HTTP/1.1" 200 4879
[21/Nov/2024 20:04:09] "GET /QueryManager/accounts/password_reset/ HTTP/1.1" 200 4081
[21/Nov/2024 20:04:11] "GET /QueryManager/accounts/login/ HTTP/1.1" 200 4879
[21/Nov/2024 20:04:15] "GET /QueryManager/accounts/password_reset/ HTTP/1.1" 200 4081
[21/Nov/2024 20:04:32] "GET /QueryManager/accounts/login/ HTTP/1.1" 200 4879
[21/Nov/2024 20:04:36] "GET /QueryManager/accounts/login/ HTTP/1.1" 200 4879
[21/Nov/2024 20:04:38] "GET /QueryManager/accounts/login/ HTTP/1.1" 200 4879
[21/Nov/2024 20:04:42] "GET /QueryManager/accounts/register/ HTTP/1.1" 200 5372
[21/Nov/2024 20:05:10] "GET /QueryManager/accounts/login/ HTTP/1.1" 200 4879
Performing system checks...

System check identified no issues (0 silenced).
November 21, 2024 - 20:07:04
Django version 4.2.16, using settings 'core.settings'
Starting development server at http://127.0.0.1:17102/
Quit the server with CTRL-BREAK.

[21/Nov/2024 20:07:06] "GET /QueryManager/accounts/login/ HTTP/1.1" 200 4879
[21/Nov/2024 20:07:08] "GET /QueryManager/accounts/login/ HTTP/1.1" 200 4879
[21/Nov/2024 20:07:09] "GET /QueryManager/accounts/password_reset/ HTTP/1.1" 200 4081
[21/Nov/2024 20:07:12] "GET /QueryManager/accounts/password_reset/ HTTP/1.1" 200 4081
[21/Nov/2024 20:07:13] "GET /QueryManager/accounts/login/ HTTP/1.1" 200 4879
[21/Nov/2024 20:07:15] "GET /QueryManager/accounts/login/ HTTP/1.1" 200 4879
[21/Nov/2024 20:07:15] "GET /QueryManager/accounts/login/ HTTP/1.1" 200 4879
[21/Nov/2024 20:07:16] "GET /QueryManager/accounts/login/ HTTP/1.1" 200 4879
[21/Nov/2024 20:07:18] "GET /QueryManager/accounts/password_reset/ HTTP/1.1" 200 4081
[21/Nov/2024 20:07:22] "GET /QueryManager/accounts/login/ HTTP/1.1" 200 4879
[21/Nov/2024 20:07:25] "GET /QueryManager/accounts/password_reset/ HTTP/1.1" 200 4081
[21/Nov/2024 20:10:21] "GET /QueryManager/accounts/login/ HTTP/1.1" 200 4924
[21/Nov/2024 20:10:23] "GET /QueryManager/accounts/login/ HTTP/1.1" 200 4924
[21/Nov/2024 20:10:24] "GET /QueryManager/accounts/login/ HTTP/1.1" 200 4924
[21/Nov/2024 20:10:25] "GET /QueryManager/accounts/password_reset HTTP/1.1" 301 0
[21/Nov/2024 20:10:25] "GET /QueryManager/accounts/password_reset/ HTTP/1.1" 200 4081
[21/Nov/2024 20:10:28] "GET /QueryManager/accounts/login/ HTTP/1.1" 200 4924
Performing system checks...

System check identified no issues (0 silenced).
November 21, 2024 - 20:12:05
Django version 4.2.16, using settings 'core.settings'
Starting development server at http://127.0.0.1:17102/
Quit the server with CTRL-BREAK.

Performing system checks...

System check identified no issues (0 silenced).
November 21, 2024 - 20:12:19
Django version 4.2.16, using settings 'core.settings'
Starting development server at http://127.0.0.1:17102/
Quit the server with CTRL-BREAK.

[21/Nov/2024 20:12:19] "GET /QueryManager/accounts/login/ HTTP/1.1" 200 4924
[21/Nov/2024 20:12:20] "GET /QueryManager/accounts/login/ HTTP/1.1" 200 4924
[21/Nov/2024 20:12:20] "GET /QueryManager/accounts/login/ HTTP/1.1" 200 4924
[21/Nov/2024 20:12:22] "GET /QueryManager/accounts/password_reset/ HTTP/1.1" 200 4081
[21/Nov/2024 20:12:24] "GET /QueryManager/accounts/login/ HTTP/1.1" 200 4924
[21/Nov/2024 20:12:26] "GET /QueryManager/accounts/password_reset/ HTTP/1.1" 200 4081
[21/Nov/2024 20:12:29] "GET /QueryManager/accounts/login/ HTTP/1.1" 200 4924
Performing system checks...

System check identified no issues (0 silenced).
November 21, 2024 - 20:12:51
Django version 4.2.16, using settings 'core.settings'
Starting development server at http://127.0.0.1:17102/
Quit the server with CTRL-BREAK.

[21/Nov/2024 20:12:52] "GET /QueryManager/accounts/login/ HTTP/1.1" 404 179
[21/Nov/2024 20:12:58] "GET /QueryManager/ HTTP/1.1" 200 12882
[21/Nov/2024 20:13:00] "GET /QueryManager/accounts/login/ HTTP/1.1" 404 179
[21/Nov/2024 20:13:10] "GET /QueryManager/accounts/password_reset/ HTTP/1.1" 404 179
[21/Nov/2024 20:13:27] "GET /QueryManager/accounts/password-reset/ HTTP/1.1" 500 145
Performing system checks...

System check identified no issues (0 silenced).
November 21, 2024 - 20:13:51
Django version 4.2.16, using settings 'core.settings'
Starting development server at http://127.0.0.1:17102/
Quit the server with CTRL-BREAK.

Performing system checks...

System check identified no issues (0 silenced).
November 21, 2024 - 20:13:57
Django version 4.2.16, using settings 'core.settings'
Starting development server at http://127.0.0.1:17102/
Quit the server with CTRL-BREAK.

Performing system checks...

System check identified no issues (0 silenced).
November 21, 2024 - 20:14:26
Django version 4.2.16, using settings 'core.settings'
Starting development server at http://127.0.0.1:17102/
Quit the server with CTRL-BREAK.

Performing system checks...

System check identified no issues (0 silenced).
November 21, 2024 - 20:14:30
Django version 4.2.16, using settings 'core.settings'
Starting development server at http://127.0.0.1:17102/
Quit the server with CTRL-BREAK.

[21/Nov/2024 20:14:47] "GET /QueryManager/accounts/password-reset/ HTTP/1.1" 500 145
[21/Nov/2024 20:14:50] "GET /QueryManager/accounts/password_reset/ HTTP/1.1" 200 4081
[21/Nov/2024 20:14:55] "GET /QueryManager/ HTTP/1.1" 200 12882
[21/Nov/2024 20:14:57] "GET /QueryManager/accounts/login/ HTTP/1.1" 200 4924
[21/Nov/2024 20:14:58] "GET /QueryManager/accounts/password-reset HTTP/1.1" 301 0
[21/Nov/2024 20:14:59] "GET /QueryManager/accounts/password-reset/ HTTP/1.1" 500 145
Performing system checks...

System check identified no issues (0 silenced).
November 21, 2024 - 20:15:41
Django version 4.2.16, using settings 'core.settings'
Starting development server at http://127.0.0.1:17102/
Quit the server with CTRL-BREAK.

Performing system checks...

System check identified no issues (0 silenced).
November 21, 2024 - 20:16:05
Django version 4.2.16, using settings 'core.settings'
Starting development server at http://127.0.0.1:17102/
Quit the server with CTRL-BREAK.

[21/Nov/2024 20:16:07] "GET /QueryManager/accounts/password-reset/ HTTP/1.1" 500 145
[21/Nov/2024 20:16:09] "GET /QueryManager/accounts/login/ HTTP/1.1" 200 4924
[21/Nov/2024 20:16:11] "GET /QueryManager/accounts/login/ HTTP/1.1" 200 4924
[21/Nov/2024 20:16:13] "GET /QueryManager/accounts/login/ HTTP/1.1" 200 4924
[21/Nov/2024 20:16:15] "GET /QueryManager/accounts/password-reset/ HTTP/1.1" 500 145
Performing system checks...

System check identified no issues (0 silenced).
November 21, 2024 - 20:17:05
Django version 4.2.16, using settings 'core.settings'
Starting development server at http://127.0.0.1:17102/
Quit the server with CTRL-BREAK.

[21/Nov/2024 20:17:49] "GET /QueryManager/accounts/password-reset/ HTTP/1.1" 404 179
[21/Nov/2024 20:17:57] "GET /QueryManager/accounts/login/ HTTP/1.1" 200 4925
[21/Nov/2024 20:17:59] "GET /QueryManager/accounts/login/ HTTP/1.1" 200 4925
[21/Nov/2024 20:18:02] "GET /QueryManager/accounts/password_reset/ HTTP/1.1" 200 4081
[21/Nov/2024 20:18:13] "POST /QueryManager/accounts/password_reset/ HTTP/1.1" 302 0
[21/Nov/2024 20:18:13] "GET /QueryManager/accounts/password_reset/done/ HTTP/1.1" 200 3724
[21/Nov/2024 20:18:30] "GET /QueryManager/admin/ HTTP/1.1" 302 0
[21/Nov/2024 20:18:31] "GET /QueryManager/admin/login/?next=/QueryManager/admin/ HTTP/1.1" 200 4324
[21/Nov/2024 20:18:31] "GET /QueryManager/static/admin/css/nav_sidebar.css HTTP/1.1" 304 0
[21/Nov/2024 20:18:31] "GET /QueryManager/static/admin/css/login.css HTTP/1.1" 304 0
[21/Nov/2024 20:18:31] "GET /QueryManager/static/admin/js/nav_sidebar.js HTTP/1.1" 304 0
[21/Nov/2024 20:18:37] "GET /QueryManager/ HTTP/1.1" 200 12882
[21/Nov/2024 20:18:39] "GET /QueryManager/accounts/login/ HTTP/1.1" 200 4925
[21/Nov/2024 20:18:47] "POST /QueryManager/accounts/login/ HTTP/1.1" 200 5333
[21/Nov/2024 20:18:53] "POST /QueryManager/accounts/login/ HTTP/1.1" 200 5333
[21/Nov/2024 20:19:04] "POST /QueryManager/accounts/login/ HTTP/1.1" 200 5333
[21/Nov/2024 20:19:16] "GET /QueryManager/admin/ HTTP/1.1" 302 0
[21/Nov/2024 20:19:17] "GET /QueryManager/admin/login/?next=/QueryManager/admin/ HTTP/1.1" 200 4324
[21/Nov/2024 20:19:27] "POST /QueryManager/admin/login/?next=/QueryManager/admin/ HTTP/1.1" 200 4487
[21/Nov/2024 20:19:32] "POST /QueryManager/admin/login/?next=/QueryManager/admin/ HTTP/1.1" 200 4487
[21/Nov/2024 20:19:38] "POST /QueryManager/admin/login/?next=/QueryManager/admin/ HTTP/1.1" 200 4487
[21/Nov/2024 20:19:43] "POST /QueryManager/admin/login/?next=/QueryManager/admin/ HTTP/1.1" 200 4487
[21/Nov/2024 20:19:49] "POST /QueryManager/admin/login/?next=/QueryManager/admin/ HTTP/1.1" 200 4487
[21/Nov/2024 20:22:02] "POST /QueryManager/admin/login/?next=/QueryManager/admin/ HTTP/1.1" 302 0
[21/Nov/2024 20:22:02] "GET /QueryManager/admin/ HTTP/1.1" 200 8327
[21/Nov/2024 20:22:03] "GET /QueryManager/static/admin/css/dashboard.css HTTP/1.1" 200 441
[21/Nov/2024 20:22:03] "GET /QueryManager/static/admin/img/icon-addlink.svg HTTP/1.1" 200 331
[21/Nov/2024 20:22:03] "GET /QueryManager/static/admin/img/icon-changelink.svg HTTP/1.1" 200 380
[21/Nov/2024 20:22:07] "GET /QueryManager/admin/main/customuser/ HTTP/1.1" 200 12987
[21/Nov/2024 20:22:07] "GET /QueryManager/static/admin/css/changelists.css HTTP/1.1" 200 6878
[21/Nov/2024 20:22:07] "GET /QueryManager/static/admin/js/jquery.init.js HTTP/1.1" 200 347
[21/Nov/2024 20:22:07] "GET /QueryManager/static/admin/js/core.js HTTP/1.1" 200 6208
[21/Nov/2024 20:22:07] "GET /QueryManager/static/admin/js/urlify.js HTTP/1.1" 200 7887
[21/Nov/2024 20:22:07] "GET /QueryManager/static/admin/js/actions.js HTTP/1.1" 200 8076
[21/Nov/2024 20:22:07] "GET /QueryManager/static/admin/js/vendor/jquery/jquery.min.js HTTP/1.1" 200 87533
[21/Nov/2024 20:22:07] "GET /QueryManager/static/admin/js/prepopulate.js HTTP/1.1" 200 1531
[21/Nov/2024 20:22:07] "GET /QueryManager/static/admin/js/admin/RelatedObjectLookups.js HTTP/1.1" 200 9097
[21/Nov/2024 20:22:07] "GET /QueryManager/static/admin/js/vendor/xregexp/xregexp.min.js HTTP/1.1" 200 163184
[21/Nov/2024 20:22:07] "GET /QueryManager/admin/jsi18n/ HTTP/1.1" 200 3343
[21/Nov/2024 20:22:08] "GET /QueryManager/static/admin/js/filters.js HTTP/1.1" 200 978
[21/Nov/2024 20:22:08] "GET /QueryManager/static/admin/img/tooltag-add.svg HTTP/1.1" 200 331
[21/Nov/2024 20:22:27] "GET /QueryManager/admin/main/customuser/12/change/ HTTP/1.1" 200 23862
[21/Nov/2024 20:22:27] "GET /QueryManager/static/admin/js/prepopulate_init.js HTTP/1.1" 200 586
[21/Nov/2024 20:22:27] "GET /QueryManager/static/admin/js/admin/DateTimeShortcuts.js HTTP/1.1" 200 19319
[21/Nov/2024 20:22:27] "GET /QueryManager/static/admin/js/calendar.js HTTP/1.1" 200 9141
[21/Nov/2024 20:22:27] "GET /QueryManager/admin/jsi18n/ HTTP/1.1" 200 3343
[21/Nov/2024 20:22:28] "GET /QueryManager/static/admin/js/change_form.js HTTP/1.1" 200 606
[21/Nov/2024 20:22:28] "GET /QueryManager/static/admin/img/icon-clock.svg HTTP/1.1" 200 677
[21/Nov/2024 20:22:28] "GET /QueryManager/static/admin/img/icon-calendar.svg HTTP/1.1" 200 1086
[21/Nov/2024 20:22:44] "POST /QueryManager/admin/logout/ HTTP/1.1" 302 0
[21/Nov/2024 20:22:45] "GET /QueryManager/admin/logout/QueryManager/login HTTP/1.1" 302 0
[21/Nov/2024 20:22:45] "GET /QueryManager/admin/login/?next=/QueryManager/admin/logout/QueryManager/login HTTP/1.1" 200 4374
[21/Nov/2024 20:22:51] "GET /QueryManager/admin/login/ HTTP/1.1" 200 4298
[21/Nov/2024 20:22:55] "GET /QueryManager/ HTTP/1.1" 200 12882
[21/Nov/2024 20:22:57] "GET /QueryManager/accounts/login/ HTTP/1.1" 200 4925
[21/Nov/2024 20:23:02] "GET /QueryManager/accounts/password_reset/ HTTP/1.1" 200 4081
[21/Nov/2024 20:23:12] "POST /QueryManager/accounts/password_reset/ HTTP/1.1" 302 0
[21/Nov/2024 20:23:12] "GET /QueryManager/accounts/password_reset/done/ HTTP/1.1" 200 3724
Performing system checks...

System check identified no issues (0 silenced).
November 21, 2024 - 20:27:42
Django version 4.2.16, using settings 'core.settings'
Starting development server at http://127.0.0.1:17102/
Quit the server with CTRL-BREAK.

Performing system checks...

System check identified no issues (0 silenced).
November 21, 2024 - 20:27:44
Django version 4.2.16, using settings 'core.settings'
Starting development server at http://127.0.0.1:17102/
Quit the server with CTRL-BREAK.

Performing system checks...

System check identified no issues (0 silenced).
November 21, 2024 - 20:28:01
Django version 4.2.16, using settings 'core.settings'
Starting development server at http://127.0.0.1:17102/
Quit the server with CTRL-BREAK.

[21/Nov/2024 20:28:07] "GET /QueryManager/accounts/login/ HTTP/1.1" 200 4925
[21/Nov/2024 20:28:08] "GET /QueryManager/accounts/login/ HTTP/1.1" 200 4925
[21/Nov/2024 20:28:09] "GET /QueryManager/accounts/login/ HTTP/1.1" 200 4925
[21/Nov/2024 20:28:11] "GET /QueryManager/accounts/password_reset/ HTTP/1.1" 200 4081
[21/Nov/2024 20:28:21] "POST /QueryManager/accounts/password_reset/ HTTP/1.1" 302 0
[21/Nov/2024 20:28:22] "GET /QueryManager/accounts/password_reset/done/ HTTP/1.1" 200 3724
[21/Nov/2024 20:29:06] "GET /QueryManager/admin/ HTTP/1.1" 302 0
[21/Nov/2024 20:29:07] "GET /QueryManager/admin/login/?next=/QueryManager/admin/ HTTP/1.1" 200 4324
[21/Nov/2024 20:29:16] "GET /QueryManager/accounts/login/ HTTP/1.1" 200 4925
[21/Nov/2024 20:29:19] "GET /QueryManager/accounts/login/ HTTP/1.1" 200 4925
[21/Nov/2024 20:29:28] "POST /QueryManager/accounts/login/ HTTP/1.1" 302 0
[21/Nov/2024 20:29:28] "GET /QueryManager/ HTTP/1.1" 200 13605
[21/Nov/2024 20:29:33] "GET /QueryManager/accounts/profile/ HTTP/1.1" 200 14591
[21/Nov/2024 20:29:52] "GET /QueryManager/accounts/profile/ HTTP/1.1" 200 14591
[21/Nov/2024 20:29:55] "GET /QueryManager/ HTTP/1.1" 200 13605
[21/Nov/2024 20:30:07] "GET /QueryManager/accounts/profile/ HTTP/1.1" 200 14591
[21/Nov/2024 20:30:46] "GET /QueryManager/accounts/profile/ HTTP/1.1" 200 14591
[21/Nov/2024 20:30:54] "GET /QueryManager/admin/ HTTP/1.1" 200 8327
[21/Nov/2024 20:31:08] "GET /QueryManager/admin/main/customuser/ HTTP/1.1" 200 12987
[21/Nov/2024 20:31:09] "GET /QueryManager/admin/jsi18n/ HTTP/1.1" 200 3343
[21/Nov/2024 20:31:15] "GET /QueryManager/admin/main/customuser/13/change/ HTTP/1.1" 200 23858
[21/Nov/2024 20:31:15] "GET /QueryManager/admin/jsi18n/ HTTP/1.1" 200 3343
[21/Nov/2024 20:31:22] "GET /QueryManager/admin/main/customuser/ HTTP/1.1" 200 12987
[21/Nov/2024 20:31:22] "GET /QueryManager/admin/jsi18n/ HTTP/1.1" 200 3343
[21/Nov/2024 20:31:25] "GET /QueryManager/admin/main/customuser/12/change/ HTTP/1.1" 200 23862
[21/Nov/2024 20:31:26] "GET /QueryManager/admin/jsi18n/ HTTP/1.1" 200 3343
[21/Nov/2024 20:32:57] "POST /QueryManager/admin/main/customuser/12/change/ HTTP/1.1" 200 24004
[21/Nov/2024 20:32:57] "GET /QueryManager/admin/jsi18n/ HTTP/1.1" 200 3343
[21/Nov/2024 20:33:11] "POST /QueryManager/admin/main/customuser/12/change/ HTTP/1.1" 302 0
[21/Nov/2024 20:33:11] "GET /QueryManager/admin/main/customuser/ HTTP/1.1" 200 13202
[21/Nov/2024 20:33:12] "GET /QueryManager/admin/jsi18n/ HTTP/1.1" 200 3343
[21/Nov/2024 20:33:12] "GET /QueryManager/static/admin/img/icon-yes.svg HTTP/1.1" 200 436
[21/Nov/2024 20:33:15] "POST /QueryManager/admin/logout/ HTTP/1.1" 302 0
[21/Nov/2024 20:33:15] "GET /QueryManager/admin/logout/QueryManager/login HTTP/1.1" 302 0
[21/Nov/2024 20:33:16] "GET /QueryManager/admin/login/?next=/QueryManager/admin/logout/QueryManager/login HTTP/1.1" 200 4374
[21/Nov/2024 20:33:20] "GET /QueryManager/admin/main/customuser/ HTTP/1.1" 302 0
[21/Nov/2024 20:33:20] "GET /QueryManager/admin/login/?next=/QueryManager/admin/main/customuser/ HTTP/1.1" 200 4356
[21/Nov/2024 20:33:26] "GET /QueryManager/ HTTP/1.1" 200 12882
[21/Nov/2024 20:33:28] "GET /QueryManager/accounts/login/ HTTP/1.1" 200 4925
[21/Nov/2024 20:33:30] "GET /QueryManager/accounts/password_reset/ HTTP/1.1" 200 4081
[21/Nov/2024 20:33:35] "POST /QueryManager/accounts/password_reset/ HTTP/1.1" 302 0
[21/Nov/2024 20:33:35] "GET /QueryManager/accounts/password_reset/done/ HTTP/1.1" 200 3724
[21/Nov/2024 20:34:10] "GET /QueryManager/admin/ HTTP/1.1" 302 0
[21/Nov/2024 20:34:11] "GET /QueryManager/admin/login/?next=/QueryManager/admin/ HTTP/1.1" 200 4324
