Performing system checks...

System check identified no issues (0 silenced).
December 09, 2024 - 19:12:25
Django version 4.2.16, using settings 'core.settings'
Starting development server at http://127.0.0.1:9294/
Quit the server with CTRL-BREAK.

[09/Dec/2024 19:12:25] "GET /QueryManager/ HTTP/1.1" 200 3260
[09/Dec/2024 19:12:25] "GET /QueryManager/static/custom.css HTTP/1.1" 200 1925
[09/Dec/2024 19:12:25] "GET /QueryManager/static/query_manager.png HTTP/1.1" 200 64648
[09/Dec/2024 19:12:25] "GET /QueryManager/static/bootstrap.min.css HTTP/1.1" 200 160302
[09/Dec/2024 19:20:55] "GET /QueryManager/accounts/login HTTP/1.1" 301 0
[09/Dec/2024 19:20:55] "GET /QueryManager/accounts/login/ HTTP/1.1" 200 4925
[09/Dec/2024 19:20:56] "GET /QueryManager/static/animate.min.css HTTP/1.1" 200 71750
[09/Dec/2024 19:20:56] "GET /QueryManager/static/fa4/css/font-awesome.min.css HTTP/1.1" 200 31000
[09/Dec/2024 19:20:56] "GET /QueryManager/static/jquery-3.5.1.min.js HTTP/1.1" 200 89476
[09/Dec/2024 19:20:56] "GET /QueryManager/static/bootstrap.min.js HTTP/1.1" 200 51039
[09/Dec/2024 19:21:27] "GET /QueryManager/ HTTP/1.1" 200 3260
[09/Dec/2024 19:21:32] "GET /QueryManager/accounts/register HTTP/1.1" 301 0
[09/Dec/2024 19:21:32] "GET /QueryManager/accounts/register/ HTTP/1.1" 200 5372
[09/Dec/2024 19:22:24] "POST /QueryManager/accounts/register/ HTTP/1.1" 200 5572
[09/Dec/2024 19:22:28] "GET /QueryManager/accounts/login/ HTTP/1.1" 200 4925
[09/Dec/2024 19:22:44] "POST /QueryManager/accounts/login/ HTTP/1.1" 302 0
[09/Dec/2024 19:22:44] "GET /QueryManager/ HTTP/1.1" 200 3986
[09/Dec/2024 19:22:44] "GET /QueryManager/static/profile_pics/default2.jpg HTTP/1.1" 200 10687
[09/Dec/2024 19:49:15] "GET /QueryManager/ HTTP/1.1" 200 3260
[09/Dec/2024 20:01:14] "GET /QueryManager/ HTTP/1.1" 200 3260
[09/Dec/2024 20:04:23] "GET /QueryManager/ HTTP/1.1" 200 3260
[09/Dec/2024 20:04:23] "GET /QueryManager/static/bootstrap.min.css HTTP/1.1" 200 160302
[09/Dec/2024 20:04:23] "GET /QueryManager/static/custom.css HTTP/1.1" 200 1925
[09/Dec/2024 20:04:23] "GET /QueryManager/static/query_manager.png HTTP/1.1" 200 64648
[09/Dec/2024 20:04:47] "GET /QueryManager/ HTTP/1.1" 200 3260
[09/Dec/2024 20:04:48] "GET /QueryManager/static/custom.css HTTP/1.1" 200 1925
[09/Dec/2024 20:04:48] "GET /QueryManager/static/bootstrap.min.css HTTP/1.1" 200 160302
[09/Dec/2024 20:04:48] "GET /QueryManager/static/query_manager.png HTTP/1.1" 200 64648
[09/Dec/2024 20:05:13] "GET /QueryManager/ HTTP/1.1" 200 3260
[09/Dec/2024 20:05:13] "GET /QueryManager/static/bootstrap.min.css HTTP/1.1" 200 160302
[09/Dec/2024 20:05:13] "GET /QueryManager/static/custom.css HTTP/1.1" 200 1925
[09/Dec/2024 20:05:13] "GET /QueryManager/static/query_manager.png HTTP/1.1" 200 64648
[09/Dec/2024 20:05:28] "GET /QueryManager/accounts/register/ HTTP/1.1" 200 5372
[09/Dec/2024 20:05:52] "GET /QueryManager/accounts/login/ HTTP/1.1" 200 4925
[09/Dec/2024 20:05:58] "POST /QueryManager/accounts/login/ HTTP/1.1" 302 0
[09/Dec/2024 20:05:58] "GET /QueryManager/ HTTP/1.1" 200 3986
[09/Dec/2024 20:06:09] "GET /QueryManager/ask-question HTTP/1.1" 200 6734
[09/Dec/2024 20:07:57] "GET /QueryManager/accounts/register HTTP/1.1" 301 0
[09/Dec/2024 20:07:58] "GET /QueryManager/accounts/register/ HTTP/1.1" 200 5372
[09/Dec/2024 20:07:59] "GET /QueryManager/static/animate.min.css HTTP/1.1" 200 71750
[09/Dec/2024 20:07:59] "GET /QueryManager/static/fa4/css/font-awesome.min.css HTTP/1.1" 200 31000
[09/Dec/2024 20:07:59] "GET /QueryManager/static/jquery-3.5.1.min.js HTTP/1.1" 200 89476
[09/Dec/2024 20:07:59] "GET /QueryManager/static/bootstrap.min.js HTTP/1.1" 200 51039
[09/Dec/2024 20:08:04] "POST /QueryManager/ask-question HTTP/1.1" 302 0
[09/Dec/2024 20:08:05] "GET /QueryManager/ask-question HTTP/1.1" 200 6850
[09/Dec/2024 20:08:13] "GET /QueryManager/ HTTP/1.1" 200 5800
[09/Dec/2024 20:08:35] "POST /QueryManager/accounts/register/ HTTP/1.1" 200 5571
[09/Dec/2024 20:08:38] "GET /QueryManager/accounts/login HTTP/1.1" 301 0
[09/Dec/2024 20:08:38] "GET /QueryManager/accounts/login/ HTTP/1.1" 200 4925
[09/Dec/2024 20:08:45] "POST /QueryManager/accounts/login/ HTTP/1.1" 302 0
[09/Dec/2024 20:08:45] "GET /QueryManager/ HTTP/1.1" 200 5799
[09/Dec/2024 20:08:46] "GET /QueryManager/static/profile_pics/default2.jpg HTTP/1.1" 200 10687
[09/Dec/2024 20:09:30] "GET /QueryManager/accounts/register HTTP/1.1" 301 0
[09/Dec/2024 20:09:30] "GET /QueryManager/accounts/register/ HTTP/1.1" 200 5372
[09/Dec/2024 20:09:31] "GET /QueryManager/static/animate.min.css HTTP/1.1" 200 71750
[09/Dec/2024 20:09:31] "GET /QueryManager/static/fa4/css/font-awesome.min.css HTTP/1.1" 200 31000
[09/Dec/2024 20:09:31] "GET /QueryManager/static/jquery-3.5.1.min.js HTTP/1.1" 200 89476
[09/Dec/2024 20:09:31] "GET /QueryManager/static/bootstrap.min.js HTTP/1.1" 200 51039
[09/Dec/2024 20:10:03] "GET /QueryManager/ask-question HTTP/1.1" 200 6733
[09/Dec/2024 20:10:25] "GET /QueryManager/tags HTTP/1.1" 301 0
[09/Dec/2024 20:10:25] "GET /QueryManager/tags/ HTTP/1.1" 200 5244
[09/Dec/2024 20:10:39] "GET /QueryManager/ HTTP/1.1" 200 5074
[09/Dec/2024 20:10:40] "GET /QueryManager/static/profile_pics/default2.jpg HTTP/1.1" 200 10687
[09/Dec/2024 20:10:44] "GET /QueryManager/accounts/register/ HTTP/1.1" 200 5372
[09/Dec/2024 20:11:28] "GET /QueryManager/tag/test HTTP/1.1" 301 0
[09/Dec/2024 20:11:28] "GET /QueryManager/tag/test/ HTTP/1.1" 200 6310
[09/Dec/2024 20:12:59] "GET /QueryManager/detail/14 HTTP/1.1" 301 0
[09/Dec/2024 20:12:59] "GET /QueryManager/detail/14/ HTTP/1.1" 200 10970
[09/Dec/2024 20:13:39] "GET /QueryManager/ask-question HTTP/1.1" 200 6734
[09/Dec/2024 20:13:45] "GET /QueryManager/ HTTP/1.1" 200 5799
[09/Dec/2024 20:14:00] "POST /QueryManager/ask-question HTTP/1.1" 302 0
[09/Dec/2024 20:14:01] "GET /QueryManager/ask-question HTTP/1.1" 200 6850
[09/Dec/2024 20:14:09] "GET /QueryManager/ HTTP/1.1" 200 7595
[09/Dec/2024 20:14:10] "GET /QueryManager/ HTTP/1.1" 200 7596
[09/Dec/2024 20:14:38] "GET /QueryManager/tags/ HTTP/1.1" 200 5811
[09/Dec/2024 20:14:44] "GET /QueryManager/tag/form HTTP/1.1" 301 0
[09/Dec/2024 20:14:44] "GET /QueryManager/tag/form/ HTTP/1.1" 200 6292
[09/Dec/2024 20:14:51] "GET /QueryManager/tags/ HTTP/1.1" 200 5811
[09/Dec/2024 20:14:53] "GET /QueryManager/tag/test/ HTTP/1.1" 200 6310
[09/Dec/2024 20:14:55] "GET /QueryManager/tags/ HTTP/1.1" 200 5811
[09/Dec/2024 20:15:04] "GET /QueryManager/ask-question HTTP/1.1" 200 6734
[09/Dec/2024 20:15:39] "POST /QueryManager/ask-question HTTP/1.1" 302 0
[09/Dec/2024 20:15:39] "GET /QueryManager/ask-question HTTP/1.1" 200 6850
[09/Dec/2024 20:15:40] "GET /QueryManager/tags/ HTTP/1.1" 200 6378
[09/Dec/2024 20:15:56] "GET /QueryManager/?q=Date HTTP/1.1" 200 5782
[09/Dec/2024 20:17:21] "GET /QueryManager/ HTTP/1.1" 200 9392
[09/Dec/2024 20:18:04] "GET /QueryManager/ask-question HTTP/1.1" 200 6733
[09/Dec/2024 20:18:21] "GET /QueryManager/accounts/profile HTTP/1.1" 301 0
[09/Dec/2024 20:18:21] "GET /QueryManager/accounts/profile/ HTTP/1.1" 200 14900
[09/Dec/2024 20:18:53] "POST /QueryManager/accounts/register/ HTTP/1.1" 200 5572
[09/Dec/2024 20:18:56] "GET /QueryManager/accounts/login HTTP/1.1" 301 0
[09/Dec/2024 20:18:57] "GET /QueryManager/accounts/login/ HTTP/1.1" 200 4925
[09/Dec/2024 20:19:02] "GET /QueryManager/ HTTP/1.1" 200 9392
[09/Dec/2024 20:19:05] "POST /QueryManager/accounts/login/ HTTP/1.1" 302 0
[09/Dec/2024 20:19:05] "GET /QueryManager/ HTTP/1.1" 200 9392
[09/Dec/2024 20:19:29] "GET /QueryManager/tags HTTP/1.1" 301 0
[09/Dec/2024 20:19:29] "GET /QueryManager/tags/ HTTP/1.1" 200 6378
[09/Dec/2024 20:19:33] "GET /QueryManager/accounts/profile/ HTTP/1.1" 200 14900
[09/Dec/2024 20:20:00] "GET /QueryManager/ HTTP/1.1" 200 9392
[09/Dec/2024 20:20:45] "GET /QueryManager/ HTTP/1.1" 200 9392
[09/Dec/2024 20:20:57] "GET /QueryManager/detail/15 HTTP/1.1" 301 0
[09/Dec/2024 20:20:57] "GET /QueryManager/detail/15/ HTTP/1.1" 200 10952
[09/Dec/2024 20:25:19] "GET /QueryManager/ HTTP/1.1" 200 9392
[09/Dec/2024 20:27:20] "GET /QueryManager/ HTTP/1.1" 200 8666
[09/Dec/2024 20:27:21] "GET /QueryManager/static/profile_pics/default2.jpg HTTP/1.1" 200 10687
[09/Dec/2024 20:27:21] "GET /QueryManager/static/custom.css HTTP/1.1" 200 1925
[09/Dec/2024 20:27:21] "GET /QueryManager/static/query_manager.png HTTP/1.1" 200 64648
[09/Dec/2024 20:27:21] "GET /QueryManager/static/bootstrap.min.css HTTP/1.1" 200 160302
[09/Dec/2024 20:27:38] "GET /QueryManager/detail/16 HTTP/1.1" 301 0
[09/Dec/2024 20:27:39] "GET /QueryManager/detail/16/ HTTP/1.1" 200 8868
[09/Dec/2024 20:27:39] "GET /QueryManager/static/animate.min.css HTTP/1.1" 200 71750
[09/Dec/2024 20:27:39] "GET /QueryManager/static/bootstrap.min.js HTTP/1.1" 200 51039
[09/Dec/2024 20:27:39] "GET /QueryManager/static/fa4/css/font-awesome.min.css HTTP/1.1" 200 31000
[09/Dec/2024 20:27:39] "GET /QueryManager/static/jquery-3.5.1.min.js HTTP/1.1" 200 89476
[09/Dec/2024 20:27:46] "GET /QueryManager/ HTTP/1.1" 200 8666
[09/Dec/2024 20:27:48] "GET /QueryManager/detail/15 HTTP/1.1" 301 0
[09/Dec/2024 20:27:48] "GET /QueryManager/detail/15/ HTTP/1.1" 200 8868
[09/Dec/2024 20:27:49] "GET /QueryManager/ HTTP/1.1" 200 8666
[09/Dec/2024 20:27:51] "GET /QueryManager/detail/14 HTTP/1.1" 301 0
[09/Dec/2024 20:27:51] "GET /QueryManager/detail/14/ HTTP/1.1" 200 8886
[09/Dec/2024 20:28:02] "GET /QueryManager/ HTTP/1.1" 200 8666
[09/Dec/2024 20:28:03] "GET /QueryManager/accounts/register HTTP/1.1" 301 0
[09/Dec/2024 20:28:03] "GET /QueryManager/accounts/register/ HTTP/1.1" 200 5372
[09/Dec/2024 20:28:28] "POST /QueryManager/accounts/register/ HTTP/1.1" 200 5571
[09/Dec/2024 20:28:31] "GET /QueryManager/accounts/login HTTP/1.1" 301 0
[09/Dec/2024 20:28:31] "GET /QueryManager/accounts/login/ HTTP/1.1" 200 4925
[09/Dec/2024 20:28:45] "POST /QueryManager/accounts/login/ HTTP/1.1" 302 0
[09/Dec/2024 20:28:45] "GET /QueryManager/ HTTP/1.1" 200 9391
[09/Dec/2024 20:28:50] "GET /QueryManager/detail/16/ HTTP/1.1" 200 10438
[09/Dec/2024 20:28:56] "GET /QueryManager/ HTTP/1.1" 200 9391
[09/Dec/2024 20:29:08] "GET /QueryManager/tags HTTP/1.1" 301 0
[09/Dec/2024 20:29:08] "GET /QueryManager/tags/ HTTP/1.1" 200 6377
[09/Dec/2024 20:29:11] "GET /QueryManager/tag/date HTTP/1.1" 301 0
[09/Dec/2024 20:29:12] "GET /QueryManager/tag/date/ HTTP/1.1" 200 6291
[09/Dec/2024 20:29:15] "GET /QueryManager/ HTTP/1.1" 200 9391
[09/Dec/2024 20:29:20] "GET /QueryManager/tags/ HTTP/1.1" 200 6377
[09/Dec/2024 20:29:22] "GET /QueryManager/tag/test HTTP/1.1" 301 0
[09/Dec/2024 20:29:22] "GET /QueryManager/tag/test/ HTTP/1.1" 200 6309
[09/Dec/2024 20:29:24] "GET /QueryManager/detail/14/ HTTP/1.1" 200 10456
[09/Dec/2024 20:29:33] "GET /QueryManager/ HTTP/1.1" 200 9391
[09/Dec/2024 20:29:35] "GET /QueryManager/detail/16/ HTTP/1.1" 200 10438
[09/Dec/2024 20:29:39] "GET /QueryManager/ HTTP/1.1" 200 9391
[09/Dec/2024 20:29:50] "GET /QueryManager/detail/16/ HTTP/1.1" 200 10438
[09/Dec/2024 20:29:51] "GET /QueryManager/tags/ HTTP/1.1" 200 6377
[09/Dec/2024 20:29:54] "GET /QueryManager/?q= HTTP/1.1" 200 9391
[09/Dec/2024 20:30:04] "GET /QueryManager/ HTTP/1.1" 200 9391
[09/Dec/2024 20:30:06] "GET /QueryManager/accounts/profile HTTP/1.1" 301 0
[09/Dec/2024 20:30:06] "GET /QueryManager/accounts/profile/ HTTP/1.1" 200 14557
[09/Dec/2024 20:30:35] "GET /QueryManager/ HTTP/1.1" 200 9391
[09/Dec/2024 20:30:36] "GET /QueryManager/detail/16/ HTTP/1.1" 200 10438
[09/Dec/2024 20:30:41] "GET /QueryManager/accounts/logout/ HTTP/1.1" 302 0
[09/Dec/2024 20:30:41] "GET /QueryManager/ HTTP/1.1" 200 8666
[09/Dec/2024 20:46:33] "GET /QueryManager/ HTTP/1.1" 200 8666
[09/Dec/2024 20:46:36] "GET /QueryManager/detail/16/ HTTP/1.1" 200 8868
[09/Dec/2024 20:46:37] "GET /QueryManager/ HTTP/1.1" 200 8666
[09/Dec/2024 20:48:48] "GET /QueryManager/accounts/logout/ HTTP/1.1" 302 0
[09/Dec/2024 20:48:49] "GET /QueryManager/ HTTP/1.1" 200 8666
[09/Dec/2024 20:48:50] "GET /QueryManager/accounts/login/ HTTP/1.1" 200 4925
[09/Dec/2024 20:48:53] "POST /QueryManager/accounts/login/ HTTP/1.1" 302 0
[09/Dec/2024 20:48:54] "GET /QueryManager/ HTTP/1.1" 200 9391
[09/Dec/2024 20:49:02] "GET /QueryManager/accounts/profile/ HTTP/1.1" 200 14588
[09/Dec/2024 20:49:10] "GET /QueryManager/ HTTP/1.1" 200 9391
[09/Dec/2024 20:49:13] "GET /QueryManager/detail/16 HTTP/1.1" 301 0
[09/Dec/2024 20:49:13] "GET /QueryManager/detail/16/ HTTP/1.1" 200 10951
[09/Dec/2024 20:49:16] "GET /QueryManager/ HTTP/1.1" 200 8666
[09/Dec/2024 20:49:16] "GET /QueryManager/static/bootstrap.min.css HTTP/1.1" 304 0
[09/Dec/2024 20:49:16] "GET /QueryManager/static/custom.css HTTP/1.1" 304 0
[09/Dec/2024 20:49:16] "GET /QueryManager/static/profile_pics/default2.jpg HTTP/1.1" 304 0
[09/Dec/2024 20:49:16] "GET /QueryManager/static/query_manager.png HTTP/1.1" 304 0
[09/Dec/2024 20:49:17] "POST /QueryManager/delete-question/16/ HTTP/1.1" 302 0
[09/Dec/2024 20:49:17] "GET /QueryManager/ HTTP/1.1" 200 7595
[09/Dec/2024 20:49:20] "GET /QueryManager/detail/15/ HTTP/1.1" 200 11044
[09/Dec/2024 20:49:22] "POST /QueryManager/delete-question/15/ HTTP/1.1" 302 0
[09/Dec/2024 20:49:23] "GET /QueryManager/ HTTP/1.1" 200 5799
[09/Dec/2024 20:49:24] "GET /QueryManager/detail/14/ HTTP/1.1" 200 11062
[09/Dec/2024 20:49:28] "POST /QueryManager/delete-question/14/ HTTP/1.1" 302 0
[09/Dec/2024 20:49:28] "GET /QueryManager/ HTTP/1.1" 200 3985
[09/Dec/2024 20:49:30] "GET /QueryManager/ HTTP/1.1" 200 3985
[09/Dec/2024 20:49:40] "GET /QueryManager/tags HTTP/1.1" 301 0
[09/Dec/2024 20:49:41] "GET /QueryManager/tags/ HTTP/1.1" 200 3951
[09/Dec/2024 20:49:41] "GET /QueryManager/static/fa4/css/font-awesome.min.css HTTP/1.1" 304 0
[09/Dec/2024 20:49:41] "GET /QueryManager/static/animate.min.css HTTP/1.1" 304 0
[09/Dec/2024 20:49:41] "GET /QueryManager/static/jquery-3.5.1.min.js HTTP/1.1" 304 0
[09/Dec/2024 20:49:41] "GET /QueryManager/static/bootstrap.min.js HTTP/1.1" 304 0
[09/Dec/2024 20:49:45] "GET /QueryManager/ HTTP/1.1" 200 3260
[09/Dec/2024 20:49:48] "GET /QueryManager/ HTTP/1.1" 200 3260
[09/Dec/2024 20:49:50] "GET /QueryManager/accounts/login/ HTTP/1.1" 200 4925
[09/Dec/2024 20:50:02] "POST /QueryManager/accounts/login/ HTTP/1.1" 302 0
[09/Dec/2024 20:50:03] "GET /QueryManager/ HTTP/1.1" 200 3985
[09/Dec/2024 20:50:06] "GET /QueryManager/accounts/logout/ HTTP/1.1" 302 0
[09/Dec/2024 20:50:07] "GET /QueryManager/ HTTP/1.1" 200 3260
[09/Dec/2024 20:50:14] "GET /QueryManager/ HTTP/1.1" 200 3260
[09/Dec/2024 20:52:26] "GET /QueryManager/ HTTP/1.1" 200 3260
[09/Dec/2024 20:52:27] "GET /QueryManager/ HTTP/1.1" 200 3260
[09/Dec/2024 20:52:28] "GET /QueryManager/ HTTP/1.1" 200 3260
[09/Dec/2024 20:52:29] "GET /QueryManager/ HTTP/1.1" 200 3260
[09/Dec/2024 20:53:17] "POST /QueryManager/ask-question HTTP/1.1" 403 1019
[09/Dec/2024 20:53:22] "GET /QueryManager/ask-question HTTP/1.1" 200 6008
[09/Dec/2024 20:53:23] "GET /QueryManager/static/animate.min.css HTTP/1.1" 200 71750
[09/Dec/2024 20:53:28] "GET /QueryManager/ HTTP/1.1" 200 3260
[09/Dec/2024 20:53:31] "GET /QueryManager/accounts/login HTTP/1.1" 301 0
[09/Dec/2024 20:53:32] "GET /QueryManager/accounts/login/ HTTP/1.1" 200 4925
[09/Dec/2024 20:53:35] "POST /QueryManager/accounts/login/ HTTP/1.1" 302 0
[09/Dec/2024 20:53:35] "GET /QueryManager/ HTTP/1.1" 200 3985
[09/Dec/2024 20:53:53] "GET /QueryManager/tags HTTP/1.1" 301 0
[09/Dec/2024 20:53:54] "GET /QueryManager/tags/ HTTP/1.1" 200 4676
[09/Dec/2024 20:54:05] "GET /QueryManager/?q=Bolded HTTP/1.1" 200 3985
[09/Dec/2024 20:54:09] "GET /QueryManager/ask-question HTTP/1.1" 200 6733
[09/Dec/2024 20:55:15] "GET /QueryManager/ HTTP/1.1" 200 3260
[09/Dec/2024 20:55:24] "POST /QueryManager/ask-question HTTP/1.1" 302 0
[09/Dec/2024 20:55:25] "GET /QueryManager/ask-question HTTP/1.1" 200 6849
[09/Dec/2024 21:08:33] "POST /QueryManager/ask-question HTTP/1.1" 302 0
[09/Dec/2024 21:08:34] "GET /QueryManager/ask-question HTTP/1.1" 200 6849
[09/Dec/2024 21:18:35] "POST /QueryManager/ask-question HTTP/1.1" 302 0
[09/Dec/2024 21:18:35] "GET /QueryManager/ask-question HTTP/1.1" 200 6849
[09/Dec/2024 21:18:36] "GET /QueryManager/static/fa4/css/font-awesome.min.css HTTP/1.1" 200 31000
[09/Dec/2024 21:26:42] "POST /QueryManager/ask-question HTTP/1.1" 302 0
[09/Dec/2024 21:26:43] "GET /QueryManager/ask-question HTTP/1.1" 200 6849
[09/Dec/2024 21:31:57] "POST /QueryManager/ask-question HTTP/1.1" 302 0
[09/Dec/2024 21:31:58] "GET /QueryManager/ask-question HTTP/1.1" 200 6849
[09/Dec/2024 21:42:56] "POST /QueryManager/ask-question HTTP/1.1" 302 0
[09/Dec/2024 21:42:57] "GET /QueryManager/ask-question HTTP/1.1" 200 6849
[09/Dec/2024 21:55:55] "POST /QueryManager/ask-question HTTP/1.1" 302 0
[09/Dec/2024 21:55:56] "GET /QueryManager/ask-question HTTP/1.1" 200 6849
